#
# A fatal error has been detected by the Java Runtime Environment:
#
#  Internal Error (generateOopMap.cpp:2164), pid=79038, tid=79055
#  fatal error: Illegal class file encountered. Try running with -Xverify:all in method testKriging5
#
# JRE version: OpenJDK Runtime Environment (11.0.2+9) (build 11.0.2+9)
# Java VM: OpenJDK 64-Bit Server VM (11.0.2+9, mixed mode, tiered, compressed oops, g1 gc, linux-amd64)
# Core dump will be written. Default location: Core dumps may be processed with "/lib/systemd/systemd-coredump %P %u %g %s %t 9223372036854775808 %h" (or dumping to /home/andreisd/Documents/project/uni/GEOFrame/kriging/core.79038)
#
# If you would like to submit a bug report, please visit:
#   http://bugreport.java.com/bugreport/crash.jsp
#

---------------  S U M M A R Y ------------

Command Line: -agentlib:jdwp=transport=dt_socket,suspend=y,address=localhost:36843 -ea -javaagent:/home/andreisd/.eclipse/org.eclipse.platform_4.34.0_1473617060_linux_gtk_x86_64/configuration/org.eclipse.osgi/249/0/.cp/lib/javaagent-shaded.jar -Dfile.encoding=UTF-8 -Dstdout.encoding=UTF-8 -Dstderr.encoding=UTF-8 org.eclipse.jdt.internal.junit.runner.RemoteTestRunner -version 3 -port 41597 -testLoaderClass org.eclipse.jdt.internal.junit4.runner.JUnit4TestLoader -loaderpluginname org.eclipse.jdt.junit4.runtime -test test2025.TestKrigingPointCase:testKriging5

Host: AMD Ryzen 7 PRO 7730U with Radeon Graphics, 16 cores, 61G, Debian GNU/Linux 12 (bookworm)
Time: Mon Feb 24 12:35:13 2025 CET elapsed time: 2164 seconds (0d 0h 36m 4s)

---------------  T H R E A D  ---------------

Current thread (0x00007fe2d42e6000):  VMThread "VM Thread" [stack: 0x00007fe291460000,0x00007fe291560000] [id=79055]

Stack: [0x00007fe291460000,0x00007fe291560000],  sp=0x00007fe29155ddc0,  free space=1015k
Native frames: (J=compiled Java code, A=aot compiled Java code, j=interpreted, Vv=VM code, C=native code)
V  [libjvm.so+0xe27304]  VMError::report_and_die(int, char const*, char const*, __va_list_tag*, Thread*, unsigned char*, void*, void*, char const*, int, unsigned long)+0x314
V  [libjvm.so+0xe27f2f]  VMError::report_and_die(Thread*, void*, char const*, int, char const*, char const*, __va_list_tag*)+0x2f
V  [libjvm.so+0x6998da]  report_fatal(char const*, int, char const*, ...)+0x10a
V  [libjvm.so+0x7f7ec7]  GenerateOopMap::error_work(char const*, __va_list_tag*)+0xc7
V  [libjvm.so+0x7f7fab]  GenerateOopMap::report_error(char const*, ...) [clone .constprop.79]+0x8b
V  [libjvm.so+0x7fa167]  GenerateOopMap::ppload(CellTypeState*, int)+0xf7
V  [libjvm.so+0x7fb283]  GenerateOopMap::interp1(BytecodeStream*)+0x1013
V  [libjvm.so+0x7fcb8c]  GenerateOopMap::interp_bb(BasicBlock*)+0x15c
V  [libjvm.so+0x7ff6fd]  GenerateOopMap::do_interpretation()+0xbd
V  [libjvm.so+0x7ffaa9]  GenerateOopMap::compute_map(Thread*)+0x269
V  [libjvm.so+0xbef4fa]  OopMapCacheEntry::fill(methodHandle const&, int)+0x20a
V  [libjvm.so+0xbefa7b]  OopMapCache::compute_one_oop_map(methodHandle const&, int, InterpreterOopMap*)+0x6b
V  [libjvm.so+0xb7d806]  Method::mask_for(int, InterpreterOopMap*)+0x76
V  [libjvm.so+0xa141ec]  VM_GetOrSetLocal::doit()+0x4c
V  [libjvm.so+0xe31aa7]  VM_Operation::evaluate()+0xe7
V  [libjvm.so+0xe2f28f]  VMThread::evaluate_operation(VM_Operation*) [clone .constprop.54]+0xff
V  [libjvm.so+0xe2f7c6]  VMThread::loop()+0x3e6
V  [libjvm.so+0xe2fc0b]  VMThread::run()+0x7b
V  [libjvm.so+0xc076a0]  thread_native_entry(Thread*)+0xf0

VM_Operation (0x00007fe289ffe8d0): GetOrSetLocal, mode: safepoint, requested by thread 0x00007fe2d4403000


---------------  P R O C E S S  ---------------

Threads class SMR info:
_java_thread_list=0x00007fe1e4000bc0, length=15, elements={
0x00007fe2d401c800, 0x00007fe2d42ee000, 0x00007fe2d42f2000, 0x00007fe2d4305800,
0x00007fe2d4308000, 0x00007fe2d430a000, 0x00007fe2d430c000, 0x00007fe2d439d800,
0x00007fe2d4403000, 0x00007fe2d4406800, 0x00007fe254001800, 0x00007fe2d4eab000,
0x00007fe2d4f79000, 0x00007fe2d56ef800, 0x00007fe2d58ee800
}

Java Threads: ( => current thread )
  0x00007fe2d401c800 JavaThread "main" [_thread_blocked, id=79046, stack(0x00007fe2d9d1f000,0x00007fe2d9e1f000)]
  0x00007fe2d42ee000 JavaThread "Reference Handler" daemon [_thread_blocked, id=79056, stack(0x00007fe290b00000,0x00007fe290c00000)]
  0x00007fe2d42f2000 JavaThread "Finalizer" daemon [_thread_blocked, id=79057, stack(0x00007fe290a00000,0x00007fe290b00000)]
  0x00007fe2d4305800 JavaThread "Signal Dispatcher" daemon [_thread_blocked, id=79058, stack(0x00007fe290900000,0x00007fe290a00000)]
  0x00007fe2d4308000 JavaThread "C2 CompilerThread0" daemon [_thread_blocked, id=79059, stack(0x00007fe290500000,0x00007fe290600000)]
  0x00007fe2d430a000 JavaThread "C1 CompilerThread0" daemon [_thread_blocked, id=79060, stack(0x00007fe290400000,0x00007fe290500000)]
  0x00007fe2d430c000 JavaThread "Sweeper thread" daemon [_thread_blocked, id=79061, stack(0x00007fe290300000,0x00007fe290400000)]
  0x00007fe2d439d800 JavaThread "Common-Cleaner" daemon [_thread_blocked, id=79062, stack(0x00007fe290200000,0x00007fe290300000)]
  0x00007fe2d4403000 JavaThread "JDWP Transport Listener: dt_socket" daemon [_thread_blocked, id=79066, stack(0x00007fe289f00000,0x00007fe28a000000)] _threads_hazard_ptr=0x00007fe1e4000bc0
  0x00007fe2d4406800 JavaThread "JDWP Event Helper Thread" daemon [_thread_blocked, id=79069, stack(0x00007fe289b00000,0x00007fe289c00000)]
  0x00007fe254001800 JavaThread "JDWP Command Reader" daemon [_thread_in_native, id=79070, stack(0x00007fe289a00000,0x00007fe289b00000)]
  0x00007fe2d4eab000 JavaThread "Service Thread" daemon [_thread_blocked, id=79075, stack(0x00007fe289100000,0x00007fe289200000)]
  0x00007fe2d4f79000 JavaThread "ReaderThread" [_thread_in_native, id=79077, stack(0x00007fe288efe000,0x00007fe288ffe000)]
  0x00007fe2d56ef800 JavaThread "Timer-0" daemon [_thread_blocked, id=79100, stack(0x00007fe21f100000,0x00007fe21f200000)]
  0x00007fe2d58ee800 JavaThread "WeakCollectionCleaner" daemon [_thread_blocked, id=79114, stack(0x00007fe21d421000,0x00007fe21d521000)]

Other Threads:
=>0x00007fe2d42e6000 VMThread "VM Thread" [stack: 0x00007fe291460000,0x00007fe291560000] [id=79055]
  0x00007fe2d4eac800 WatcherThread [stack: 0x00007fe289000000,0x00007fe289100000] [id=79076]
  0x00007fe2d4046000 GCTaskThread "GC Thread#0" [stack: 0x00007fe2d8300000,0x00007fe2d8400000] [id=79047]
  0x00007fe27c001800 GCTaskThread "GC Thread#1" [stack: 0x00007fe288b00000,0x00007fe288c00000] [id=79081]
  0x00007fe27c003000 GCTaskThread "GC Thread#2" [stack: 0x00007fe288500000,0x00007fe288600000] [id=79082]
  0x00007fe27c004800 GCTaskThread "GC Thread#3" [stack: 0x00007fe2883fe000,0x00007fe2884fe000] [id=79083]
  0x00007fe27c006000 GCTaskThread "GC Thread#4" [stack: 0x00007fe2882fc000,0x00007fe2883fc000] [id=79084]
  0x00007fe27c007800 GCTaskThread "GC Thread#5" [stack: 0x00007fe2881fa000,0x00007fe2882fa000] [id=79085]
  0x00007fe27c009000 GCTaskThread "GC Thread#6" [stack: 0x00007fe2880f8000,0x00007fe2881f8000] [id=79086]
  0x00007fe27c00a800 GCTaskThread "GC Thread#7" [stack: 0x00007fe21ff00000,0x00007fe220000000] [id=79087]
  0x00007fe27c00c000 GCTaskThread "GC Thread#8" [stack: 0x00007fe21fdfe000,0x00007fe21fefe000] [id=79088]
  0x00007fe27c00d800 GCTaskThread "GC Thread#9" [stack: 0x00007fe21fcfc000,0x00007fe21fdfc000] [id=79089]
  0x00007fe27c00f000 GCTaskThread "GC Thread#10" [stack: 0x00007fe21fbfa000,0x00007fe21fcfa000] [id=79090]
  0x00007fe27c010800 GCTaskThread "GC Thread#11" [stack: 0x00007fe21faf8000,0x00007fe21fbf8000] [id=79091]
  0x00007fe27c012800 GCTaskThread "GC Thread#12" [stack: 0x00007fe21f9f6000,0x00007fe21faf6000] [id=79092]
  0x00007fe2d4082000 ConcurrentGCThread "G1 Main Marker" [stack: 0x00007fe2b90b0000,0x00007fe2b91b0000] [id=79048]
  0x00007fe2d4084000 ConcurrentGCThread "G1 Conc#0" [stack: 0x00007fe2b8fae000,0x00007fe2b90ae000] [id=79049]
  0x00007fe28c001000 ConcurrentGCThread "G1 Conc#1" [stack: 0x00007fe21e100000,0x00007fe21e200000] [id=79105]
  0x00007fe28c002800 ConcurrentGCThread "G1 Conc#2" [stack: 0x00007fe21dffe000,0x00007fe21e0fe000] [id=79106]
  0x00007fe2d4219800 ConcurrentGCThread "G1 Refine#0" [stack: 0x00007fe2b819f000,0x00007fe2b829f000] [id=79050]
  0x00007fe2d421b800 ConcurrentGCThread "G1 Young RemSet Sampling" [stack: 0x00007fe2b809d000,0x00007fe2b819d000] [id=79051]

Threads with active compile tasks:

VM state:at safepoint (normal execution)

VM Mutex/Monitor currently owned by a thread:  ([mutex/lock_event])
[0x00007fe2d401a500] Threads_lock - owner thread: 0x00007fe2d42e6000

Heap address: 0x0000000426000000, size: 15776 MB, Compressed Oops mode: Zero based, Oop shift amount: 3
Narrow klass base: 0x0000000800000000, Narrow klass shift: 0
Compressed class space size: 1073741824 Address: 0x0000000800000000

Heap:
 garbage-first heap   total 1011712K, used 87252K [0x0000000426000000, 0x0000000800000000)
  region size 4096K, 21 young (86016K), 2 survivors (8192K)
 Metaspace       used 30697K, capacity 31228K, committed 31408K, reserved 1077248K
  class space    used 3294K, capacity 3536K, committed 3584K, reserved 1048576K
Heap Regions: E=young(eden), S=young(survivor), O=old, HS=humongous(starts), HC=humongous(continues), CS=collection set, F=free, A=archive, TAMS=top-at-mark-start (previous, next)
|   0|0x0000000426000000, 0x0000000426400000, 0x0000000426400000|100%| O|  |TAMS 0x0000000426400000, 0x0000000426000000| Untracked 
|   1|0x0000000426400000, 0x0000000426800000, 0x0000000426800000|100%| O|  |TAMS 0x0000000426800000, 0x0000000426400000| Untracked 
|   2|0x0000000426800000, 0x00000004268a6c00, 0x0000000426c00000| 16%| O|  |TAMS 0x00000004268a6c00, 0x0000000426800000| Untracked 
|   3|0x0000000426c00000, 0x0000000426c00000, 0x0000000427000000|  0%| F|  |TAMS 0x0000000426c00000, 0x0000000426c00000| Untracked 
|   4|0x0000000427000000, 0x0000000427000000, 0x0000000427400000|  0%| F|  |TAMS 0x0000000427000000, 0x0000000427000000| Untracked 
|   5|0x0000000427400000, 0x0000000427400000, 0x0000000427800000|  0%| F|  |TAMS 0x0000000427400000, 0x0000000427400000| Untracked 
|   6|0x0000000427800000, 0x0000000427800000, 0x0000000427c00000|  0%| F|  |TAMS 0x0000000427800000, 0x0000000427800000| Untracked 
|   7|0x0000000427c00000, 0x0000000427c00000, 0x0000000428000000|  0%| F|  |TAMS 0x0000000427c00000, 0x0000000427c00000| Untracked 
|   8|0x0000000428000000, 0x0000000428000000, 0x0000000428400000|  0%| F|  |TAMS 0x0000000428000000, 0x0000000428000000| Untracked 
|   9|0x0000000428400000, 0x0000000428400000, 0x0000000428800000|  0%| F|  |TAMS 0x0000000428400000, 0x0000000428400000| Untracked 
|  10|0x0000000428800000, 0x0000000428800000, 0x0000000428c00000|  0%| F|  |TAMS 0x0000000428800000, 0x0000000428800000| Untracked 
|  11|0x0000000428c00000, 0x0000000428c00000, 0x0000000429000000|  0%| F|  |TAMS 0x0000000428c00000, 0x0000000428c00000| Untracked 
|  12|0x0000000429000000, 0x0000000429000000, 0x0000000429400000|  0%| F|  |TAMS 0x0000000429000000, 0x0000000429000000| Untracked 
|  13|0x0000000429400000, 0x0000000429400000, 0x0000000429800000|  0%| F|  |TAMS 0x0000000429400000, 0x0000000429400000| Untracked 
|  14|0x0000000429800000, 0x0000000429800000, 0x0000000429c00000|  0%| F|  |TAMS 0x0000000429800000, 0x0000000429800000| Untracked 
|  15|0x0000000429c00000, 0x0000000429c00000, 0x000000042a000000|  0%| F|  |TAMS 0x0000000429c00000, 0x0000000429c00000| Untracked 
|  16|0x000000042a000000, 0x000000042a000000, 0x000000042a400000|  0%| F|  |TAMS 0x000000042a000000, 0x000000042a000000| Untracked 
|  17|0x000000042a400000, 0x000000042a400000, 0x000000042a800000|  0%| F|  |TAMS 0x000000042a400000, 0x000000042a400000| Untracked 
|  18|0x000000042a800000, 0x000000042a800000, 0x000000042ac00000|  0%| F|  |TAMS 0x000000042a800000, 0x000000042a800000| Untracked 
|  19|0x000000042ac00000, 0x000000042ac00000, 0x000000042b000000|  0%| F|  |TAMS 0x000000042ac00000, 0x000000042ac00000| Untracked 
|  20|0x000000042b000000, 0x000000042b000000, 0x000000042b400000|  0%| F|  |TAMS 0x000000042b000000, 0x000000042b000000| Untracked 
|  21|0x000000042b400000, 0x000000042b400000, 0x000000042b800000|  0%| F|  |TAMS 0x000000042b400000, 0x000000042b400000| Untracked 
|  22|0x000000042b800000, 0x000000042b800000, 0x000000042bc00000|  0%| F|  |TAMS 0x000000042b800000, 0x000000042b800000| Untracked 
|  23|0x000000042bc00000, 0x000000042bc00000, 0x000000042c000000|  0%| F|  |TAMS 0x000000042bc00000, 0x000000042bc00000| Untracked 
|  24|0x000000042c000000, 0x000000042c000000, 0x000000042c400000|  0%| F|  |TAMS 0x000000042c000000, 0x000000042c000000| Untracked 
|  25|0x000000042c400000, 0x000000042c400000, 0x000000042c800000|  0%| F|  |TAMS 0x000000042c400000, 0x000000042c400000| Untracked 
|  26|0x000000042c800000, 0x000000042c800000, 0x000000042cc00000|  0%| F|  |TAMS 0x000000042c800000, 0x000000042c800000| Untracked 
|  27|0x000000042cc00000, 0x000000042cc00000, 0x000000042d000000|  0%| F|  |TAMS 0x000000042cc00000, 0x000000042cc00000| Untracked 
|  28|0x000000042d000000, 0x000000042d000000, 0x000000042d400000|  0%| F|  |TAMS 0x000000042d000000, 0x000000042d000000| Untracked 
|  29|0x000000042d400000, 0x000000042d400000, 0x000000042d800000|  0%| F|  |TAMS 0x000000042d400000, 0x000000042d400000| Untracked 
|  30|0x000000042d800000, 0x000000042d800000, 0x000000042dc00000|  0%| F|  |TAMS 0x000000042d800000, 0x000000042d800000| Untracked 
|  31|0x000000042dc00000, 0x000000042dc00000, 0x000000042e000000|  0%| F|  |TAMS 0x000000042dc00000, 0x000000042dc00000| Untracked 
|  32|0x000000042e000000, 0x000000042e000000, 0x000000042e400000|  0%| F|  |TAMS 0x000000042e000000, 0x000000042e000000| Untracked 
|  33|0x000000042e400000, 0x000000042e400000, 0x000000042e800000|  0%| F|  |TAMS 0x000000042e400000, 0x000000042e400000| Untracked 
|  34|0x000000042e800000, 0x000000042e800000, 0x000000042ec00000|  0%| F|  |TAMS 0x000000042e800000, 0x000000042e800000| Untracked 
|  35|0x000000042ec00000, 0x000000042ec00000, 0x000000042f000000|  0%| F|  |TAMS 0x000000042ec00000, 0x000000042ec00000| Untracked 
|  36|0x000000042f000000, 0x000000042f000000, 0x000000042f400000|  0%| F|  |TAMS 0x000000042f000000, 0x000000042f000000| Untracked 
|  37|0x000000042f400000, 0x000000042f400000, 0x000000042f800000|  0%| F|  |TAMS 0x000000042f400000, 0x000000042f400000| Untracked 
|  38|0x000000042f800000, 0x000000042f800000, 0x000000042fc00000|  0%| F|  |TAMS 0x000000042f800000, 0x000000042f800000| Untracked 
|  39|0x000000042fc00000, 0x000000042fc00000, 0x0000000430000000|  0%| F|  |TAMS 0x000000042fc00000, 0x000000042fc00000| Untracked 
|  40|0x0000000430000000, 0x0000000430000000, 0x0000000430400000|  0%| F|  |TAMS 0x0000000430000000, 0x0000000430000000| Untracked 
|  41|0x0000000430400000, 0x0000000430400000, 0x0000000430800000|  0%| F|  |TAMS 0x0000000430400000, 0x0000000430400000| Untracked 
|  42|0x0000000430800000, 0x0000000430800000, 0x0000000430c00000|  0%| F|  |TAMS 0x0000000430800000, 0x0000000430800000| Untracked 
|  43|0x0000000430c00000, 0x0000000430c00000, 0x0000000431000000|  0%| F|  |TAMS 0x0000000430c00000, 0x0000000430c00000| Untracked 
|  44|0x0000000431000000, 0x0000000431000000, 0x0000000431400000|  0%| F|  |TAMS 0x0000000431000000, 0x0000000431000000| Untracked 
|  45|0x0000000431400000, 0x0000000431400000, 0x0000000431800000|  0%| F|  |TAMS 0x0000000431400000, 0x0000000431400000| Untracked 
|  46|0x0000000431800000, 0x0000000431800000, 0x0000000431c00000|  0%| F|  |TAMS 0x0000000431800000, 0x0000000431800000| Untracked 
|  47|0x0000000431c00000, 0x0000000431c00000, 0x0000000432000000|  0%| F|  |TAMS 0x0000000431c00000, 0x0000000431c00000| Untracked 
|  48|0x0000000432000000, 0x0000000432000000, 0x0000000432400000|  0%| F|  |TAMS 0x0000000432000000, 0x0000000432000000| Untracked 
|  49|0x0000000432400000, 0x0000000432400000, 0x0000000432800000|  0%| F|  |TAMS 0x0000000432400000, 0x0000000432400000| Untracked 
|  50|0x0000000432800000, 0x0000000432800000, 0x0000000432c00000|  0%| F|  |TAMS 0x0000000432800000, 0x0000000432800000| Untracked 
|  51|0x0000000432c00000, 0x0000000432c00000, 0x0000000433000000|  0%| F|  |TAMS 0x0000000432c00000, 0x0000000432c00000| Untracked 
|  52|0x0000000433000000, 0x0000000433000000, 0x0000000433400000|  0%| F|  |TAMS 0x0000000433000000, 0x0000000433000000| Untracked 
|  53|0x0000000433400000, 0x0000000433400000, 0x0000000433800000|  0%| F|  |TAMS 0x0000000433400000, 0x0000000433400000| Untracked 
|  54|0x0000000433800000, 0x0000000433800000, 0x0000000433c00000|  0%| F|  |TAMS 0x0000000433800000, 0x0000000433800000| Untracked 
|  55|0x0000000433c00000, 0x0000000433c00000, 0x0000000434000000|  0%| F|  |TAMS 0x0000000433c00000, 0x0000000433c00000| Untracked 
|  56|0x0000000434000000, 0x0000000434000000, 0x0000000434400000|  0%| F|  |TAMS 0x0000000434000000, 0x0000000434000000| Untracked 
|  57|0x0000000434400000, 0x0000000434400000, 0x0000000434800000|  0%| F|  |TAMS 0x0000000434400000, 0x0000000434400000| Untracked 
|  58|0x0000000434800000, 0x0000000434800000, 0x0000000434c00000|  0%| F|  |TAMS 0x0000000434800000, 0x0000000434800000| Untracked 
|  59|0x0000000434c00000, 0x0000000434c00000, 0x0000000435000000|  0%| F|  |TAMS 0x0000000434c00000, 0x0000000434c00000| Untracked 
|  60|0x0000000435000000, 0x0000000435000000, 0x0000000435400000|  0%| F|  |TAMS 0x0000000435000000, 0x0000000435000000| Untracked 
|  61|0x0000000435400000, 0x0000000435400000, 0x0000000435800000|  0%| F|  |TAMS 0x0000000435400000, 0x0000000435400000| Untracked 
|  62|0x0000000435800000, 0x0000000435800000, 0x0000000435c00000|  0%| F|  |TAMS 0x0000000435800000, 0x0000000435800000| Untracked 
|  63|0x0000000435c00000, 0x0000000435c00000, 0x0000000436000000|  0%| F|  |TAMS 0x0000000435c00000, 0x0000000435c00000| Untracked 
|  64|0x0000000436000000, 0x0000000436000000, 0x0000000436400000|  0%| F|  |TAMS 0x0000000436000000, 0x0000000436000000| Untracked 
|  65|0x0000000436400000, 0x0000000436400000, 0x0000000436800000|  0%| F|  |TAMS 0x0000000436400000, 0x0000000436400000| Untracked 
|  66|0x0000000436800000, 0x0000000436800000, 0x0000000436c00000|  0%| F|  |TAMS 0x0000000436800000, 0x0000000436800000| Untracked 
|  67|0x0000000436c00000, 0x0000000436c00000, 0x0000000437000000|  0%| F|  |TAMS 0x0000000436c00000, 0x0000000436c00000| Untracked 
|  68|0x0000000437000000, 0x0000000437000000, 0x0000000437400000|  0%| F|  |TAMS 0x0000000437000000, 0x0000000437000000| Untracked 
|  69|0x0000000437400000, 0x0000000437400000, 0x0000000437800000|  0%| F|  |TAMS 0x0000000437400000, 0x0000000437400000| Untracked 
|  70|0x0000000437800000, 0x0000000437800000, 0x0000000437c00000|  0%| F|  |TAMS 0x0000000437800000, 0x0000000437800000| Untracked 
|  71|0x0000000437c00000, 0x0000000437c00000, 0x0000000438000000|  0%| F|  |TAMS 0x0000000437c00000, 0x0000000437c00000| Untracked 
|  72|0x0000000438000000, 0x0000000438000000, 0x0000000438400000|  0%| F|  |TAMS 0x0000000438000000, 0x0000000438000000| Untracked 
|  73|0x0000000438400000, 0x0000000438400000, 0x0000000438800000|  0%| F|  |TAMS 0x0000000438400000, 0x0000000438400000| Untracked 
|  74|0x0000000438800000, 0x0000000438800000, 0x0000000438c00000|  0%| F|  |TAMS 0x0000000438800000, 0x0000000438800000| Untracked 
|  75|0x0000000438c00000, 0x0000000438c00000, 0x0000000439000000|  0%| F|  |TAMS 0x0000000438c00000, 0x0000000438c00000| Untracked 
|  76|0x0000000439000000, 0x0000000439000000, 0x0000000439400000|  0%| F|  |TAMS 0x0000000439000000, 0x0000000439000000| Untracked 
|  77|0x0000000439400000, 0x0000000439400000, 0x0000000439800000|  0%| F|  |TAMS 0x0000000439400000, 0x0000000439400000| Untracked 
|  78|0x0000000439800000, 0x0000000439800000, 0x0000000439c00000|  0%| F|  |TAMS 0x0000000439800000, 0x0000000439800000| Untracked 
|  79|0x0000000439c00000, 0x0000000439c00000, 0x000000043a000000|  0%| F|  |TAMS 0x0000000439c00000, 0x0000000439c00000| Untracked 
|  80|0x000000043a000000, 0x000000043a000000, 0x000000043a400000|  0%| F|  |TAMS 0x000000043a000000, 0x000000043a000000| Untracked 
|  81|0x000000043a400000, 0x000000043a400000, 0x000000043a800000|  0%| F|  |TAMS 0x000000043a400000, 0x000000043a400000| Untracked 
|  82|0x000000043a800000, 0x000000043a800000, 0x000000043ac00000|  0%| F|  |TAMS 0x000000043a800000, 0x000000043a800000| Untracked 
|  83|0x000000043ac00000, 0x000000043ac00000, 0x000000043b000000|  0%| F|  |TAMS 0x000000043ac00000, 0x000000043ac00000| Untracked 
|  84|0x000000043b000000, 0x000000043b000000, 0x000000043b400000|  0%| F|  |TAMS 0x000000043b000000, 0x000000043b000000| Untracked 
|  85|0x000000043b400000, 0x000000043b400000, 0x000000043b800000|  0%| F|  |TAMS 0x000000043b400000, 0x000000043b400000| Untracked 
|  86|0x000000043b800000, 0x000000043b800000, 0x000000043bc00000|  0%| F|  |TAMS 0x000000043b800000, 0x000000043b800000| Untracked 
|  87|0x000000043bc00000, 0x000000043bc00000, 0x000000043c000000|  0%| F|  |TAMS 0x000000043bc00000, 0x000000043bc00000| Untracked 
|  88|0x000000043c000000, 0x000000043c000000, 0x000000043c400000|  0%| F|  |TAMS 0x000000043c000000, 0x000000043c000000| Untracked 
|  89|0x000000043c400000, 0x000000043c400000, 0x000000043c800000|  0%| F|  |TAMS 0x000000043c400000, 0x000000043c400000| Untracked 
|  90|0x000000043c800000, 0x000000043c800000, 0x000000043cc00000|  0%| F|  |TAMS 0x000000043c800000, 0x000000043c800000| Untracked 
|  91|0x000000043cc00000, 0x000000043cc00000, 0x000000043d000000|  0%| F|  |TAMS 0x000000043cc00000, 0x000000043cc00000| Untracked 
|  92|0x000000043d000000, 0x000000043d000000, 0x000000043d400000|  0%| F|  |TAMS 0x000000043d000000, 0x000000043d000000| Untracked 
|  93|0x000000043d400000, 0x000000043d400000, 0x000000043d800000|  0%| F|  |TAMS 0x000000043d400000, 0x000000043d400000| Untracked 
|  94|0x000000043d800000, 0x000000043d800000, 0x000000043dc00000|  0%| F|  |TAMS 0x000000043d800000, 0x000000043d800000| Untracked 
|  95|0x000000043dc00000, 0x000000043dc00000, 0x000000043e000000|  0%| F|  |TAMS 0x000000043dc00000, 0x000000043dc00000| Untracked 
|  96|0x000000043e000000, 0x000000043e000000, 0x000000043e400000|  0%| F|  |TAMS 0x000000043e000000, 0x000000043e000000| Untracked 
|  97|0x000000043e400000, 0x000000043e400000, 0x000000043e800000|  0%| F|  |TAMS 0x000000043e400000, 0x000000043e400000| Untracked 
|  98|0x000000043e800000, 0x000000043e800000, 0x000000043ec00000|  0%| F|  |TAMS 0x000000043e800000, 0x000000043e800000| Untracked 
|  99|0x000000043ec00000, 0x000000043ec00000, 0x000000043f000000|  0%| F|  |TAMS 0x000000043ec00000, 0x000000043ec00000| Untracked 
| 100|0x000000043f000000, 0x000000043f000000, 0x000000043f400000|  0%| F|  |TAMS 0x000000043f000000, 0x000000043f000000| Untracked 
| 101|0x000000043f400000, 0x000000043f400000, 0x000000043f800000|  0%| F|  |TAMS 0x000000043f400000, 0x000000043f400000| Untracked 
| 102|0x000000043f800000, 0x000000043f800000, 0x000000043fc00000|  0%| F|  |TAMS 0x000000043f800000, 0x000000043f800000| Untracked 
| 103|0x000000043fc00000, 0x000000043fc00000, 0x0000000440000000|  0%| F|  |TAMS 0x000000043fc00000, 0x000000043fc00000| Untracked 
| 104|0x0000000440000000, 0x0000000440000000, 0x0000000440400000|  0%| F|  |TAMS 0x0000000440000000, 0x0000000440000000| Untracked 
| 105|0x0000000440400000, 0x0000000440400000, 0x0000000440800000|  0%| F|  |TAMS 0x0000000440400000, 0x0000000440400000| Untracked 
| 106|0x0000000440800000, 0x0000000440800000, 0x0000000440c00000|  0%| F|  |TAMS 0x0000000440800000, 0x0000000440800000| Untracked 
| 107|0x0000000440c00000, 0x0000000440c00000, 0x0000000441000000|  0%| F|  |TAMS 0x0000000440c00000, 0x0000000440c00000| Untracked 
| 108|0x0000000441000000, 0x0000000441000000, 0x0000000441400000|  0%| F|  |TAMS 0x0000000441000000, 0x0000000441000000| Untracked 
| 109|0x0000000441400000, 0x0000000441400000, 0x0000000441800000|  0%| F|  |TAMS 0x0000000441400000, 0x0000000441400000| Untracked 
| 110|0x0000000441800000, 0x0000000441800000, 0x0000000441c00000|  0%| F|  |TAMS 0x0000000441800000, 0x0000000441800000| Untracked 
| 111|0x0000000441c00000, 0x0000000441c00000, 0x0000000442000000|  0%| F|  |TAMS 0x0000000441c00000, 0x0000000441c00000| Untracked 
| 112|0x0000000442000000, 0x0000000442000000, 0x0000000442400000|  0%| F|  |TAMS 0x0000000442000000, 0x0000000442000000| Untracked 
| 113|0x0000000442400000, 0x0000000442400000, 0x0000000442800000|  0%| F|  |TAMS 0x0000000442400000, 0x0000000442400000| Untracked 
| 114|0x0000000442800000, 0x0000000442800000, 0x0000000442c00000|  0%| F|  |TAMS 0x0000000442800000, 0x0000000442800000| Untracked 
| 115|0x0000000442c00000, 0x0000000442c00000, 0x0000000443000000|  0%| F|  |TAMS 0x0000000442c00000, 0x0000000442c00000| Untracked 
| 116|0x0000000443000000, 0x0000000443000000, 0x0000000443400000|  0%| F|  |TAMS 0x0000000443000000, 0x0000000443000000| Untracked 
| 117|0x0000000443400000, 0x0000000443400000, 0x0000000443800000|  0%| F|  |TAMS 0x0000000443400000, 0x0000000443400000| Untracked 
| 118|0x0000000443800000, 0x0000000443800000, 0x0000000443c00000|  0%| F|  |TAMS 0x0000000443800000, 0x0000000443800000| Untracked 
| 119|0x0000000443c00000, 0x0000000443c00000, 0x0000000444000000|  0%| F|  |TAMS 0x0000000443c00000, 0x0000000443c00000| Untracked 
| 120|0x0000000444000000, 0x0000000444000000, 0x0000000444400000|  0%| F|  |TAMS 0x0000000444000000, 0x0000000444000000| Untracked 
| 121|0x0000000444400000, 0x0000000444400000, 0x0000000444800000|  0%| F|  |TAMS 0x0000000444400000, 0x0000000444400000| Untracked 
| 122|0x0000000444800000, 0x0000000444800000, 0x0000000444c00000|  0%| F|  |TAMS 0x0000000444800000, 0x0000000444800000| Untracked 
| 123|0x0000000444c00000, 0x0000000444c00000, 0x0000000445000000|  0%| F|  |TAMS 0x0000000444c00000, 0x0000000444c00000| Untracked 
| 124|0x0000000445000000, 0x0000000445000000, 0x0000000445400000|  0%| F|  |TAMS 0x0000000445000000, 0x0000000445000000| Untracked 
| 125|0x0000000445400000, 0x0000000445400000, 0x0000000445800000|  0%| F|  |TAMS 0x0000000445400000, 0x0000000445400000| Untracked 
| 126|0x0000000445800000, 0x0000000445800000, 0x0000000445c00000|  0%| F|  |TAMS 0x0000000445800000, 0x0000000445800000| Untracked 
| 127|0x0000000445c00000, 0x0000000445c00000, 0x0000000446000000|  0%| F|  |TAMS 0x0000000445c00000, 0x0000000445c00000| Untracked 
| 128|0x0000000446000000, 0x0000000446000000, 0x0000000446400000|  0%| F|  |TAMS 0x0000000446000000, 0x0000000446000000| Untracked 
| 129|0x0000000446400000, 0x0000000446400000, 0x0000000446800000|  0%| F|  |TAMS 0x0000000446400000, 0x0000000446400000| Untracked 
| 130|0x0000000446800000, 0x0000000446800000, 0x0000000446c00000|  0%| F|  |TAMS 0x0000000446800000, 0x0000000446800000| Untracked 
| 131|0x0000000446c00000, 0x0000000446c00000, 0x0000000447000000|  0%| F|  |TAMS 0x0000000446c00000, 0x0000000446c00000| Untracked 
| 132|0x0000000447000000, 0x0000000447000000, 0x0000000447400000|  0%| F|  |TAMS 0x0000000447000000, 0x0000000447000000| Untracked 
| 133|0x0000000447400000, 0x0000000447400000, 0x0000000447800000|  0%| F|  |TAMS 0x0000000447400000, 0x0000000447400000| Untracked 
| 134|0x0000000447800000, 0x0000000447800000, 0x0000000447c00000|  0%| F|  |TAMS 0x0000000447800000, 0x0000000447800000| Untracked 
| 135|0x0000000447c00000, 0x0000000447c00000, 0x0000000448000000|  0%| F|  |TAMS 0x0000000447c00000, 0x0000000447c00000| Untracked 
| 136|0x0000000448000000, 0x0000000448000000, 0x0000000448400000|  0%| F|  |TAMS 0x0000000448000000, 0x0000000448000000| Untracked 
| 137|0x0000000448400000, 0x0000000448400000, 0x0000000448800000|  0%| F|  |TAMS 0x0000000448400000, 0x0000000448400000| Untracked 
| 138|0x0000000448800000, 0x0000000448800000, 0x0000000448c00000|  0%| F|  |TAMS 0x0000000448800000, 0x0000000448800000| Untracked 
| 139|0x0000000448c00000, 0x0000000448c00000, 0x0000000449000000|  0%| F|  |TAMS 0x0000000448c00000, 0x0000000448c00000| Untracked 
| 140|0x0000000449000000, 0x0000000449000000, 0x0000000449400000|  0%| F|  |TAMS 0x0000000449000000, 0x0000000449000000| Untracked 
| 141|0x0000000449400000, 0x0000000449400000, 0x0000000449800000|  0%| F|  |TAMS 0x0000000449400000, 0x0000000449400000| Untracked 
| 142|0x0000000449800000, 0x0000000449800000, 0x0000000449c00000|  0%| F|  |TAMS 0x0000000449800000, 0x0000000449800000| Untracked 
| 143|0x0000000449c00000, 0x0000000449c00000, 0x000000044a000000|  0%| F|  |TAMS 0x0000000449c00000, 0x0000000449c00000| Untracked 
| 144|0x000000044a000000, 0x000000044a000000, 0x000000044a400000|  0%| F|  |TAMS 0x000000044a000000, 0x000000044a000000| Untracked 
| 145|0x000000044a400000, 0x000000044a400000, 0x000000044a800000|  0%| F|  |TAMS 0x000000044a400000, 0x000000044a400000| Untracked 
| 146|0x000000044a800000, 0x000000044a800000, 0x000000044ac00000|  0%| F|  |TAMS 0x000000044a800000, 0x000000044a800000| Untracked 
| 147|0x000000044ac00000, 0x000000044ac00000, 0x000000044b000000|  0%| F|  |TAMS 0x000000044ac00000, 0x000000044ac00000| Untracked 
| 148|0x000000044b000000, 0x000000044b000000, 0x000000044b400000|  0%| F|  |TAMS 0x000000044b000000, 0x000000044b000000| Untracked 
| 149|0x000000044b400000, 0x000000044b400000, 0x000000044b800000|  0%| F|  |TAMS 0x000000044b400000, 0x000000044b400000| Untracked 
| 150|0x000000044b800000, 0x000000044b800000, 0x000000044bc00000|  0%| F|  |TAMS 0x000000044b800000, 0x000000044b800000| Untracked 
| 151|0x000000044bc00000, 0x000000044bc00000, 0x000000044c000000|  0%| F|  |TAMS 0x000000044bc00000, 0x000000044bc00000| Untracked 
| 152|0x000000044c000000, 0x000000044c000000, 0x000000044c400000|  0%| F|  |TAMS 0x000000044c000000, 0x000000044c000000| Untracked 
| 153|0x000000044c400000, 0x000000044c400000, 0x000000044c800000|  0%| F|  |TAMS 0x000000044c400000, 0x000000044c400000| Untracked 
| 154|0x000000044c800000, 0x000000044c800000, 0x000000044cc00000|  0%| F|  |TAMS 0x000000044c800000, 0x000000044c800000| Untracked 
| 155|0x000000044cc00000, 0x000000044cc00000, 0x000000044d000000|  0%| F|  |TAMS 0x000000044cc00000, 0x000000044cc00000| Untracked 
| 156|0x000000044d000000, 0x000000044d000000, 0x000000044d400000|  0%| F|  |TAMS 0x000000044d000000, 0x000000044d000000| Untracked 
| 157|0x000000044d400000, 0x000000044d400000, 0x000000044d800000|  0%| F|  |TAMS 0x000000044d400000, 0x000000044d400000| Untracked 
| 158|0x000000044d800000, 0x000000044d800000, 0x000000044dc00000|  0%| F|  |TAMS 0x000000044d800000, 0x000000044d800000| Untracked 
| 159|0x000000044dc00000, 0x000000044dc00000, 0x000000044e000000|  0%| F|  |TAMS 0x000000044dc00000, 0x000000044dc00000| Untracked 
| 160|0x000000044e000000, 0x000000044e000000, 0x000000044e400000|  0%| F|  |TAMS 0x000000044e000000, 0x000000044e000000| Untracked 
| 161|0x000000044e400000, 0x000000044e400000, 0x000000044e800000|  0%| F|  |TAMS 0x000000044e400000, 0x000000044e400000| Untracked 
| 162|0x000000044e800000, 0x000000044e800000, 0x000000044ec00000|  0%| F|  |TAMS 0x000000044e800000, 0x000000044e800000| Untracked 
| 163|0x000000044ec00000, 0x000000044ec00000, 0x000000044f000000|  0%| F|  |TAMS 0x000000044ec00000, 0x000000044ec00000| Untracked 
| 164|0x000000044f000000, 0x000000044f000000, 0x000000044f400000|  0%| F|  |TAMS 0x000000044f000000, 0x000000044f000000| Untracked 
| 165|0x000000044f400000, 0x000000044f400000, 0x000000044f800000|  0%| F|  |TAMS 0x000000044f400000, 0x000000044f400000| Untracked 
| 166|0x000000044f800000, 0x000000044f800000, 0x000000044fc00000|  0%| F|  |TAMS 0x000000044f800000, 0x000000044f800000| Untracked 
| 167|0x000000044fc00000, 0x000000044fc00000, 0x0000000450000000|  0%| F|  |TAMS 0x000000044fc00000, 0x000000044fc00000| Untracked 
| 168|0x0000000450000000, 0x0000000450000000, 0x0000000450400000|  0%| F|  |TAMS 0x0000000450000000, 0x0000000450000000| Untracked 
| 169|0x0000000450400000, 0x0000000450400000, 0x0000000450800000|  0%| F|  |TAMS 0x0000000450400000, 0x0000000450400000| Untracked 
| 170|0x0000000450800000, 0x0000000450800000, 0x0000000450c00000|  0%| F|  |TAMS 0x0000000450800000, 0x0000000450800000| Untracked 
| 171|0x0000000450c00000, 0x0000000450c00000, 0x0000000451000000|  0%| F|  |TAMS 0x0000000450c00000, 0x0000000450c00000| Untracked 
| 172|0x0000000451000000, 0x0000000451000000, 0x0000000451400000|  0%| F|  |TAMS 0x0000000451000000, 0x0000000451000000| Untracked 
| 173|0x0000000451400000, 0x0000000451400000, 0x0000000451800000|  0%| F|  |TAMS 0x0000000451400000, 0x0000000451400000| Untracked 
| 174|0x0000000451800000, 0x0000000451800000, 0x0000000451c00000|  0%| F|  |TAMS 0x0000000451800000, 0x0000000451800000| Untracked 
| 175|0x0000000451c00000, 0x0000000451c00000, 0x0000000452000000|  0%| F|  |TAMS 0x0000000451c00000, 0x0000000451c00000| Untracked 
| 176|0x0000000452000000, 0x0000000452000000, 0x0000000452400000|  0%| F|  |TAMS 0x0000000452000000, 0x0000000452000000| Untracked 
| 177|0x0000000452400000, 0x0000000452400000, 0x0000000452800000|  0%| F|  |TAMS 0x0000000452400000, 0x0000000452400000| Untracked 
| 178|0x0000000452800000, 0x0000000452800000, 0x0000000452c00000|  0%| F|  |TAMS 0x0000000452800000, 0x0000000452800000| Untracked 
| 179|0x0000000452c00000, 0x0000000452c00000, 0x0000000453000000|  0%| F|  |TAMS 0x0000000452c00000, 0x0000000452c00000| Untracked 
| 180|0x0000000453000000, 0x0000000453000000, 0x0000000453400000|  0%| F|  |TAMS 0x0000000453000000, 0x0000000453000000| Untracked 
| 181|0x0000000453400000, 0x0000000453400000, 0x0000000453800000|  0%| F|  |TAMS 0x0000000453400000, 0x0000000453400000| Untracked 
| 182|0x0000000453800000, 0x0000000453800000, 0x0000000453c00000|  0%| F|  |TAMS 0x0000000453800000, 0x0000000453800000| Untracked 
| 183|0x0000000453c00000, 0x0000000453c00000, 0x0000000454000000|  0%| F|  |TAMS 0x0000000453c00000, 0x0000000453c00000| Untracked 
| 184|0x0000000454000000, 0x0000000454000000, 0x0000000454400000|  0%| F|  |TAMS 0x0000000454000000, 0x0000000454000000| Untracked 
| 185|0x0000000454400000, 0x0000000454400000, 0x0000000454800000|  0%| F|  |TAMS 0x0000000454400000, 0x0000000454400000| Untracked 
| 186|0x0000000454800000, 0x0000000454800000, 0x0000000454c00000|  0%| F|  |TAMS 0x0000000454800000, 0x0000000454800000| Untracked 
| 187|0x0000000454c00000, 0x0000000454c00000, 0x0000000455000000|  0%| F|  |TAMS 0x0000000454c00000, 0x0000000454c00000| Untracked 
| 188|0x0000000455000000, 0x0000000455000000, 0x0000000455400000|  0%| F|  |TAMS 0x0000000455000000, 0x0000000455000000| Untracked 
| 189|0x0000000455400000, 0x0000000455400000, 0x0000000455800000|  0%| F|  |TAMS 0x0000000455400000, 0x0000000455400000| Untracked 
| 190|0x0000000455800000, 0x0000000455800000, 0x0000000455c00000|  0%| F|  |TAMS 0x0000000455800000, 0x0000000455800000| Untracked 
| 191|0x0000000455c00000, 0x0000000455c00000, 0x0000000456000000|  0%| F|  |TAMS 0x0000000455c00000, 0x0000000455c00000| Untracked 
| 192|0x0000000456000000, 0x0000000456000000, 0x0000000456400000|  0%| F|  |TAMS 0x0000000456000000, 0x0000000456000000| Untracked 
| 193|0x0000000456400000, 0x0000000456400000, 0x0000000456800000|  0%| F|  |TAMS 0x0000000456400000, 0x0000000456400000| Untracked 
| 194|0x0000000456800000, 0x0000000456800000, 0x0000000456c00000|  0%| F|  |TAMS 0x0000000456800000, 0x0000000456800000| Untracked 
| 195|0x0000000456c00000, 0x0000000456c00000, 0x0000000457000000|  0%| F|  |TAMS 0x0000000456c00000, 0x0000000456c00000| Untracked 
| 196|0x0000000457000000, 0x0000000457000000, 0x0000000457400000|  0%| F|  |TAMS 0x0000000457000000, 0x0000000457000000| Untracked 
| 197|0x0000000457400000, 0x0000000457400000, 0x0000000457800000|  0%| F|  |TAMS 0x0000000457400000, 0x0000000457400000| Untracked 
| 198|0x0000000457800000, 0x0000000457800000, 0x0000000457c00000|  0%| F|  |TAMS 0x0000000457800000, 0x0000000457800000| Untracked 
| 199|0x0000000457c00000, 0x0000000457c00000, 0x0000000458000000|  0%| F|  |TAMS 0x0000000457c00000, 0x0000000457c00000| Untracked 
| 200|0x0000000458000000, 0x0000000458000000, 0x0000000458400000|  0%| F|  |TAMS 0x0000000458000000, 0x0000000458000000| Untracked 
| 201|0x0000000458400000, 0x0000000458400000, 0x0000000458800000|  0%| F|  |TAMS 0x0000000458400000, 0x0000000458400000| Untracked 
| 202|0x0000000458800000, 0x0000000458800000, 0x0000000458c00000|  0%| F|  |TAMS 0x0000000458800000, 0x0000000458800000| Untracked 
| 203|0x0000000458c00000, 0x0000000458c00000, 0x0000000459000000|  0%| F|  |TAMS 0x0000000458c00000, 0x0000000458c00000| Untracked 
| 204|0x0000000459000000, 0x0000000459000000, 0x0000000459400000|  0%| F|  |TAMS 0x0000000459000000, 0x0000000459000000| Untracked 
| 205|0x0000000459400000, 0x0000000459400000, 0x0000000459800000|  0%| F|  |TAMS 0x0000000459400000, 0x0000000459400000| Untracked 
| 206|0x0000000459800000, 0x0000000459800000, 0x0000000459c00000|  0%| F|  |TAMS 0x0000000459800000, 0x0000000459800000| Untracked 
| 207|0x0000000459c00000, 0x0000000459c00000, 0x000000045a000000|  0%| F|  |TAMS 0x0000000459c00000, 0x0000000459c00000| Untracked 
| 208|0x000000045a000000, 0x000000045a000000, 0x000000045a400000|  0%| F|  |TAMS 0x000000045a000000, 0x000000045a000000| Untracked 
| 209|0x000000045a400000, 0x000000045a400000, 0x000000045a800000|  0%| F|  |TAMS 0x000000045a400000, 0x000000045a400000| Untracked 
| 210|0x000000045a800000, 0x000000045a800000, 0x000000045ac00000|  0%| F|  |TAMS 0x000000045a800000, 0x000000045a800000| Untracked 
| 211|0x000000045ac00000, 0x000000045ac00000, 0x000000045b000000|  0%| F|  |TAMS 0x000000045ac00000, 0x000000045ac00000| Untracked 
| 212|0x000000045b000000, 0x000000045b000000, 0x000000045b400000|  0%| F|  |TAMS 0x000000045b000000, 0x000000045b000000| Untracked 
| 213|0x000000045b400000, 0x000000045b400000, 0x000000045b800000|  0%| F|  |TAMS 0x000000045b400000, 0x000000045b400000| Untracked 
| 214|0x000000045b800000, 0x000000045b800000, 0x000000045bc00000|  0%| F|  |TAMS 0x000000045b800000, 0x000000045b800000| Untracked 
| 215|0x000000045bc00000, 0x000000045bc00000, 0x000000045c000000|  0%| F|  |TAMS 0x000000045bc00000, 0x000000045bc00000| Untracked 
| 216|0x000000045c000000, 0x000000045c000000, 0x000000045c400000|  0%| F|  |TAMS 0x000000045c000000, 0x000000045c000000| Untracked 
| 217|0x000000045c400000, 0x000000045c400000, 0x000000045c800000|  0%| F|  |TAMS 0x000000045c400000, 0x000000045c400000| Untracked 
| 218|0x000000045c800000, 0x000000045c800000, 0x000000045cc00000|  0%| F|  |TAMS 0x000000045c800000, 0x000000045c800000| Untracked 
| 219|0x000000045cc00000, 0x000000045cc00000, 0x000000045d000000|  0%| F|  |TAMS 0x000000045cc00000, 0x000000045cc00000| Untracked 
| 220|0x000000045d000000, 0x000000045d000000, 0x000000045d400000|  0%| F|  |TAMS 0x000000045d000000, 0x000000045d000000| Untracked 
| 221|0x000000045d400000, 0x000000045d400000, 0x000000045d800000|  0%| F|  |TAMS 0x000000045d400000, 0x000000045d400000| Untracked 
| 222|0x000000045d800000, 0x000000045d800000, 0x000000045dc00000|  0%| F|  |TAMS 0x000000045d800000, 0x000000045d800000| Untracked 
| 223|0x000000045dc00000, 0x000000045dc8e5d8, 0x000000045e000000| 13%| S|CS|TAMS 0x000000045dc00000, 0x000000045dc00000| Complete 
| 224|0x000000045e000000, 0x000000045e400000, 0x000000045e400000|100%| S|CS|TAMS 0x000000045e000000, 0x000000045e000000| Complete 
| 225|0x000000045e400000, 0x000000045e400000, 0x000000045e800000|  0%| F|  |TAMS 0x000000045e400000, 0x000000045e400000| Untracked 
| 226|0x000000045e800000, 0x000000045e800000, 0x000000045ec00000|  0%| F|  |TAMS 0x000000045e800000, 0x000000045e800000| Untracked 
| 227|0x000000045ec00000, 0x000000045ec00000, 0x000000045f000000|  0%| F|  |TAMS 0x000000045ec00000, 0x000000045ec00000| Untracked 
| 228|0x000000045f000000, 0x000000045f3c9370, 0x000000045f400000| 94%| E|  |TAMS 0x000000045f000000, 0x000000045f000000| Complete 
| 229|0x000000045f400000, 0x000000045f800000, 0x000000045f800000|100%| E|CS|TAMS 0x000000045f400000, 0x000000045f400000| Complete 
| 230|0x000000045f800000, 0x000000045fc00000, 0x000000045fc00000|100%| E|CS|TAMS 0x000000045f800000, 0x000000045f800000| Complete 
| 231|0x000000045fc00000, 0x0000000460000000, 0x0000000460000000|100%| E|CS|TAMS 0x000000045fc00000, 0x000000045fc00000| Complete 
| 232|0x0000000460000000, 0x0000000460400000, 0x0000000460400000|100%| E|CS|TAMS 0x0000000460000000, 0x0000000460000000| Complete 
| 233|0x0000000460400000, 0x0000000460800000, 0x0000000460800000|100%| E|CS|TAMS 0x0000000460400000, 0x0000000460400000| Complete 
| 234|0x0000000460800000, 0x0000000460c00000, 0x0000000460c00000|100%| E|CS|TAMS 0x0000000460800000, 0x0000000460800000| Complete 
| 235|0x0000000460c00000, 0x0000000461000000, 0x0000000461000000|100%| E|CS|TAMS 0x0000000460c00000, 0x0000000460c00000| Complete 
| 236|0x0000000461000000, 0x0000000461400000, 0x0000000461400000|100%| E|CS|TAMS 0x0000000461000000, 0x0000000461000000| Complete 
| 237|0x0000000461400000, 0x0000000461800000, 0x0000000461800000|100%| E|CS|TAMS 0x0000000461400000, 0x0000000461400000| Complete 
| 238|0x0000000461800000, 0x0000000461c00000, 0x0000000461c00000|100%| E|CS|TAMS 0x0000000461800000, 0x0000000461800000| Complete 
| 239|0x0000000461c00000, 0x0000000462000000, 0x0000000462000000|100%| E|CS|TAMS 0x0000000461c00000, 0x0000000461c00000| Complete 
| 240|0x0000000462000000, 0x0000000462400000, 0x0000000462400000|100%| E|CS|TAMS 0x0000000462000000, 0x0000000462000000| Complete 
| 241|0x0000000462400000, 0x0000000462800000, 0x0000000462800000|100%| E|CS|TAMS 0x0000000462400000, 0x0000000462400000| Complete 
| 242|0x0000000462800000, 0x0000000462c00000, 0x0000000462c00000|100%| E|CS|TAMS 0x0000000462800000, 0x0000000462800000| Complete 
| 243|0x0000000462c00000, 0x0000000463000000, 0x0000000463000000|100%| E|CS|TAMS 0x0000000462c00000, 0x0000000462c00000| Complete 
| 244|0x0000000463000000, 0x0000000463400000, 0x0000000463400000|100%| E|CS|TAMS 0x0000000463000000, 0x0000000463000000| Complete 
| 245|0x0000000463400000, 0x0000000463800000, 0x0000000463800000|100%| E|CS|TAMS 0x0000000463400000, 0x0000000463400000| Complete 
| 246|0x0000000463800000, 0x0000000463c00000, 0x0000000463c00000|100%| E|CS|TAMS 0x0000000463800000, 0x0000000463800000| Complete 

Card table byte_map: [0x00007fe2b2130000,0x00007fe2b4000000] _byte_map_base: 0x00007fe2b0000000

Marking Bits (Prev, Next): (CMBitMap*) 0x00007fe2d4071ad0, (CMBitMap*) 0x00007fe2d4071a98
 Prev Bits: [0x00007fe291560000, 0x00007fe2a0be0000)
 Next Bits: [0x00007fe2a0be0000, 0x00007fe2b0260000)

Polling page: 0x00007fe2da3c2000

Metaspace:

Usage:
  Non-class:     27.04 MB capacity,    26.76 MB ( 99%) used,   223.89 KB ( <1%) free+waste,    65.19 KB ( <1%) overhead. 
      Class:      3.45 MB capacity,     3.22 MB ( 93%) used,   213.93 KB (  6%) free+waste,    27.75 KB ( <1%) overhead. 
       Both:     30.50 MB capacity,    29.98 MB ( 98%) used,   437.82 KB (  1%) free+waste,    92.94 KB ( <1%) overhead. 

Virtual space:
  Non-class space:       28.00 MB reserved,      27.17 MB ( 97%) committed 
      Class space:        1.00 GB reserved,       3.50 MB ( <1%) committed 
             Both:        1.03 GB reserved,      30.67 MB (  3%) committed 

Chunk freelists:
   Non-Class:  512 bytes
       Class:  2.00 KB
        Both:  2.50 KB

CodeHeap 'non-profiled nmethods': size=119172Kb used=2490Kb max_used=2490Kb free=116681Kb
 bounds [0x00007fe2c339f000, 0x00007fe2c360f000, 0x00007fe2ca800000]
CodeHeap 'profiled nmethods': size=119172Kb used=7925Kb max_used=7925Kb free=111246Kb
 bounds [0x00007fe2bbf3e000, 0x00007fe2bc6fe000, 0x00007fe2c339f000]
CodeHeap 'non-nmethods': size=7416Kb used=1273Kb max_used=3022Kb free=6142Kb
 bounds [0x00007fe2bb800000, 0x00007fe2bbb00000, 0x00007fe2bbf3e000]
 total_blobs=4969 nmethods=3419 adapters=496
 compilation: enabled
              stopped_count=0, restarted_count=0
 full_count=0

Compilation events (10 events):
Event: 1921.700 Thread 0x00007fe2d430a000 3417   !   3       java.util.prefs.FileSystemPreferences::syncSpi (25 bytes)
Event: 1921.700 Thread 0x00007fe2d430a000 nmethod 3417 0x00007fe2bc6f7b10 code [0x00007fe2bc6f7d00, 0x00007fe2bc6f81e8]
Event: 1921.700 Thread 0x00007fe2d430a000 3418       3       java.util.prefs.FileSystemPreferences$12::<init> (10 bytes)
Event: 1921.700 Thread 0x00007fe2d430a000 nmethod 3418 0x00007fe2bc6f8390 code [0x00007fe2bc6f8540, 0x00007fe2bc6f8750]
Event: 1921.700 Thread 0x00007fe2d430a000 3419       3       java.util.prefs.FileSystemPreferences$12::run (5 bytes)
Event: 1921.700 Thread 0x00007fe2d430a000 nmethod 3419 0x00007fe2bc6f8810 code [0x00007fe2bc6f89e0, 0x00007fe2bc6f8c08]
Event: 1921.700 Thread 0x00007fe2d430a000 3420       3       java.util.prefs.FileSystemPreferences$12::run (9 bytes)
Event: 1921.701 Thread 0x00007fe2d430a000 nmethod 3420 0x00007fe2bc6f8d10 code [0x00007fe2bc6f8ee0, 0x00007fe2bc6f9088]
Event: 1921.701 Thread 0x00007fe2d430a000 3421       3       java.util.prefs.FileSystemPreferences::syncSpiPrivileged (178 bytes)
Event: 1921.701 Thread 0x00007fe2d430a000 nmethod 3421 0x00007fe2bc6f9190 code [0x00007fe2bc6f9560, 0x00007fe2bc6faef8]

GC Heap History (8 events):
Event: 1.043 GC heap before
{Heap before GC invocations=0 (full 0):
 garbage-first heap   total 1011712K, used 49152K [0x0000000426000000, 0x0000000800000000)
  region size 4096K, 12 young (49152K), 0 survivors (0K)
 Metaspace       used 11414K, capacity 11513K, committed 11648K, reserved 1060864K
  class space    used 1048K, capacity 1089K, committed 1152K, reserved 1048576K
}
Event: 1.066 GC heap after
{Heap after GC invocations=1 (full 0):
 garbage-first heap   total 1011712K, used 8777K [0x0000000426000000, 0x0000000800000000)
  region size 4096K, 2 young (8192K), 2 survivors (8192K)
 Metaspace       used 11414K, capacity 11513K, committed 11648K, reserved 1060864K
  class space    used 1048K, capacity 1089K, committed 1152K, reserved 1048576K
}
Event: 1.426 GC heap before
{Heap before GC invocations=1 (full 0):
 garbage-first heap   total 1011712K, used 49737K [0x0000000426000000, 0x0000000800000000)
  region size 4096K, 12 young (49152K), 2 survivors (8192K)
 Metaspace       used 15409K, capacity 15676K, committed 15872K, reserved 1062912K
  class space    used 1574K, capacity 1669K, committed 1792K, reserved 1048576K
}
Event: 1.438 GC heap after
{Heap after GC invocations=2 (full 0):
 garbage-first heap   total 1011712K, used 10345K [0x0000000426000000, 0x0000000800000000)
  region size 4096K, 1 young (4096K), 1 survivors (4096K)
 Metaspace       used 15409K, capacity 15676K, committed 15872K, reserved 1062912K
  class space    used 1574K, capacity 1669K, committed 1792K, reserved 1048576K
}
Event: 1.822 GC heap before
{Heap before GC invocations=2 (full 0):
 garbage-first heap   total 1011712K, used 43113K [0x0000000426000000, 0x0000000800000000)
  region size 4096K, 10 young (40960K), 1 survivors (4096K)
 Metaspace       used 20696K, capacity 21073K, committed 21296K, reserved 1069056K
  class space    used 2160K, capacity 2318K, committed 2432K, reserved 1048576K
}
Event: 1.827 GC heap after
{Heap after GC invocations=3 (full 0):
 garbage-first heap   total 1011712K, used 12008K [0x0000000426000000, 0x0000000800000000)
  region size 4096K, 1 young (4096K), 1 survivors (4096K)
 Metaspace       used 20696K, capacity 21073K, committed 21296K, reserved 1069056K
  class space    used 2160K, capacity 2318K, committed 2432K, reserved 1048576K
}
Event: 2.435 GC heap before
{Heap before GC invocations=4 (full 0):
 garbage-first heap   total 1011712K, used 98024K [0x0000000426000000, 0x0000000800000000)
  region size 4096K, 22 young (90112K), 1 survivors (4096K)
 Metaspace       used 24949K, capacity 25435K, committed 25648K, reserved 1073152K
  class space    used 2650K, capacity 2871K, committed 2944K, reserved 1048576K
}
Event: 2.456 GC heap after
{Heap after GC invocations=5 (full 0):
 garbage-first heap   total 1011712K, used 13524K [0x0000000426000000, 0x0000000800000000)
  region size 4096K, 2 young (8192K), 2 survivors (8192K)
 Metaspace       used 24949K, capacity 25435K, committed 25648K, reserved 1073152K
  class space    used 2650K, capacity 2871K, committed 2944K, reserved 1048576K
}

Deoptimization events (10 events):
Event: 2.399 Thread 0x00007fe2d401c800 Uncommon trap: reason=class_check action=maybe_recompile pc=0x00007fe2c3538c04 method=org.geotools.util.LocalName.toString()Ljava/lang/String; @ 22 c2
Event: 2.399 Thread 0x00007fe2d401c800 Uncommon trap: reason=class_check action=maybe_recompile pc=0x00007fe2c3538c04 method=org.geotools.util.LocalName.toString()Ljava/lang/String; @ 22 c2
Event: 2.502 Thread 0x00007fe2d401c800 Uncommon trap: reason=unstable_if action=reinterpret pc=0x00007fe2c352e440 method=java.lang.StringLatin1.trim([B)Ljava/lang/String; @ 44 c2
Event: 2.503 Thread 0x00007fe2d401c800 Uncommon trap: reason=unstable_if action=reinterpret pc=0x00007fe2c352f448 method=java.lang.StringLatin1.trim([B)Ljava/lang/String; @ 44 c2
Event: 2.550 Thread 0x00007fe2d401c800 Uncommon trap: reason=intrinsic_or_type_checked_inlining action=make_not_entrant pc=0x00007fe2c3571134 method=java.util.Arrays.copyOf([Ljava/lang/Object;ILjava/lang/Class;)[Ljava/lang/Object; @ 35 c2
Event: 2.762 Thread 0x00007fe2d401c800 Uncommon trap: reason=unstable_if action=reinterpret pc=0x00007fe2c34da348 method=java.util.Arrays.hashCode([Ljava/lang/Object;)I @ 34 c2
Event: 2.798 Thread 0x00007fe2d401c800 Uncommon trap: reason=unstable_if action=reinterpret pc=0x00007fe2c357d510 method=jdk.internal.util.jar.JarIndex.get(Ljava/lang/String;)Ljava/util/LinkedList; @ 27 c2
Event: 2.812 Thread 0x00007fe2d401c800 Uncommon trap: reason=unstable_if action=reinterpret pc=0x00007fe2c3596cac method=sun.util.locale.LocaleUtils.caseIgnoreMatch(Ljava/lang/String;Ljava/lang/String;)Z @ 60 c2
Event: 2.857 Thread 0x00007fe2d401c800 Uncommon trap: reason=unstable_if action=reinterpret pc=0x00007fe2c34bb430 method=org.eclipse.jdt.launching.internal.org.objectweb.asm.MethodWriter.putMethodInfo(Lorg/eclipse/jdt/launching/internal/org/objectweb/asm/ByteVector;)V @ 150 c2
Event: 2.858 Thread 0x00007fe2d401c800 Uncommon trap: reason=unstable_if action=reinterpret pc=0x00007fe2c34b0ee8 method=org.eclipse.jdt.launching.internal.org.objectweb.asm.ByteVector.putInt(I)Lorg/eclipse/jdt/launching/internal/org/objectweb/asm/ByteVector; @ 13 c2

Classes redefined (2 events):
Event: 2145.117 Thread 0x00007fe2d42e6000 redefined class name=test2025.TestKrigingPointCase, count=1
Event: 2164.602 Thread 0x00007fe2d42e6000 redefined class name=test2025.TestKrigingPointCase, count=2

Internal exceptions (10 events):
Event: 1.818 Thread 0x00007fe2d401c800 Exception <a 'java/lang/NoSuchMethodError'{0x00000004619c7c98}: java.lang.invoke.DirectMethodHandle$Holder.invokeStatic(Ljava/lang/Object;Ljava/lang/Object;Ljava/lang/Object;I)Ljava/lang/Object;> (0x00000004619c7c98) thrown at [/scratch/opt/mach5/mesos/wo
Event: 1.818 Thread 0x00007fe2d401c800 Exception <a 'java/lang/NoSuchMethodError'{0x00000004619cb908}: java.lang.invoke.DirectMethodHandle$Holder.invokeSpecial(Ljava/lang/Object;Ljava/lang/Object;Ljava/lang/Object;Ljava/lang/Object;I)Ljava/lang/Object;> (0x00000004619cb908) thrown at [/scratch
Event: 1.818 Thread 0x00007fe2d401c800 Exception <a 'java/lang/NoSuchMethodError'{0x00000004619cec10}: java.lang.invoke.Invokers$Holder.linkToTargetMethod(Ljava/lang/Object;Ljava/lang/Object;ILjava/lang/Object;)Ljava/lang/Object;> (0x00000004619cec10) thrown at [/scratch/opt/mach5/mesos/work_d
Event: 1.963 Thread 0x00007fe2d401c800 Implicit null exception at 0x00007fe2c3469174 to 0x00007fe2c34692a6
Event: 2.090 Thread 0x00007fe2d401c800 Exception <a 'java/lang/NoSuchMethodError'{0x00000004623b9198}: java.lang.invoke.DirectMethodHandle$Holder.invokeVirtual(Ljava/lang/Object;Ljava/lang/Object;Ljava/lang/Object;)I> (0x00000004623b9198) thrown at [/scratch/opt/mach5/mesos/work_dir/slaves/07f
Event: 2.093 Thread 0x00007fe2d401c800 Exception <a 'java/lang/NoSuchMethodError'{0x00000004623bfe38}: java.lang.invoke.DirectMethodHandle$Holder.invokeVirtual(Ljava/lang/Object;Ljava/lang/Object;Ljava/lang/Object;)Ljava/lang/Object;> (0x00000004623bfe38) thrown at [/scratch/opt/mach5/mesos/wo
Event: 2.123 Thread 0x00007fe2d401c800 Exception <a 'java/lang/NoSuchMethodError'{0x0000000461ea1eb8}: java.lang.invoke.DirectMethodHandle$Holder.invokeSpecial(Ljava/lang/Object;Ljava/lang/Object;Ljava/lang/Object;Ljava/lang/Object;)I> (0x0000000461ea1eb8) thrown at [/scratch/opt/mach5/mesos/w
Event: 2.125 Thread 0x00007fe2d401c800 Exception <a 'java/lang/NoSuchMethodError'{0x0000000461eaccf8}: java.lang.invoke.DirectMethodHandle$Holder.invokeInterface(Ljava/lang/Object;Ljava/lang/Object;)I> (0x0000000461eaccf8) thrown at [/scratch/opt/mach5/mesos/work_dir/slaves/07fc96ef-bf4d-487f-
Event: 2.520 Thread 0x00007fe2d401c800 Exception <a 'java/lang/NoClassDefFoundError'{0x00000004631aedf8}: com/sun/medialib/codec/jiio/Util> (0x00000004631aedf8) thrown at [/scratch/opt/mach5/mesos/work_dir/slaves/07fc96ef-bf4d-487f-b22f-a84e49f5f44a-S39073/frameworks/1735e8a2-a1db-478c-8104-60
Event: 2.762 Thread 0x00007fe2d401c800 Implicit null exception at 0x00007fe2c34da26e to 0x00007fe2c34da326

Events (10 events):
Event: 2164.631 Executing VM operation: SetFramePop done
Event: 2164.631 Executing VM operation: GetFrameLocation
Event: 2164.631 Executing VM operation: GetFrameLocation done
Event: 2164.631 Executing VM operation: GetCurrentLocation
Event: 2164.631 Executing VM operation: GetCurrentLocation done
Event: 2164.631 Executing VM operation: ChangeSingleStep
Event: 2164.632 Executing VM operation: ChangeSingleStep done
Event: 2164.632 Executing VM operation: GetFrameLocation
Event: 2164.632 Executing VM operation: GetFrameLocation done
Event: 2164.632 Executing VM operation: GetOrSetLocal


Dynamic libraries:
00400000-00401000 r-xp 00000000 103:04 146691                            /usr/lib/jvm/java-11-openjdk-amd64/bin/java
00600000-00601000 r--p 00000000 103:04 146691                            /usr/lib/jvm/java-11-openjdk-amd64/bin/java
00601000-00602000 rw-p 00001000 103:04 146691                            /usr/lib/jvm/java-11-openjdk-amd64/bin/java
39a45000-39a90000 rw-p 00000000 00:00 0                                  [heap]
426000000-463c00000 rw-p 00000000 00:00 0 
463c00000-800000000 ---p 00000000 00:00 0 
800000000-800380000 rw-p 00000000 00:00 0 
800380000-840000000 ---p 00000000 00:00 0 
7fe1d4000000-7fe1d4a3d000 rw-p 00000000 00:00 0 
7fe1d4a3d000-7fe1d8000000 ---p 00000000 00:00 0 
7fe1d8000000-7fe1d8021000 rw-p 00000000 00:00 0 
7fe1d8021000-7fe1dc000000 ---p 00000000 00:00 0 
7fe1dc000000-7fe1dc41c000 rw-p 00000000 00:00 0 
7fe1dc41c000-7fe1e0000000 ---p 00000000 00:00 0 
7fe1e0000000-7fe1e0a25000 rw-p 00000000 00:00 0 
7fe1e0a25000-7fe1e4000000 ---p 00000000 00:00 0 
7fe1e4000000-7fe1e4021000 rw-p 00000000 00:00 0 
7fe1e4021000-7fe1e8000000 ---p 00000000 00:00 0 
7fe1e8000000-7fe1e8442000 rw-p 00000000 00:00 0 
7fe1e8442000-7fe1ec000000 ---p 00000000 00:00 0 
7fe1ec000000-7fe1ec021000 rw-p 00000000 00:00 0 
7fe1ec021000-7fe1f0000000 ---p 00000000 00:00 0 
7fe1f0000000-7fe1f0021000 rw-p 00000000 00:00 0 
7fe1f0021000-7fe1f4000000 ---p 00000000 00:00 0 
7fe1f4000000-7fe1f4021000 rw-p 00000000 00:00 0 
7fe1f4021000-7fe1f8000000 ---p 00000000 00:00 0 
7fe1f8000000-7fe1f8092000 rw-p 00000000 00:00 0 
7fe1f8092000-7fe1fc000000 ---p 00000000 00:00 0 
7fe1fc000000-7fe1fc021000 rw-p 00000000 00:00 0 
7fe1fc021000-7fe200000000 ---p 00000000 00:00 0 
7fe200000000-7fe200b7b000 rw-p 00000000 00:00 0 
7fe200b7b000-7fe204000000 ---p 00000000 00:00 0 
7fe204000000-7fe204021000 rw-p 00000000 00:00 0 
7fe204021000-7fe208000000 ---p 00000000 00:00 0 
7fe208000000-7fe208021000 rw-p 00000000 00:00 0 
7fe208021000-7fe20c000000 ---p 00000000 00:00 0 
7fe20c000000-7fe20c021000 rw-p 00000000 00:00 0 
7fe20c021000-7fe210000000 ---p 00000000 00:00 0 
7fe210000000-7fe210021000 rw-p 00000000 00:00 0 
7fe210021000-7fe214000000 ---p 00000000 00:00 0 
7fe214000000-7fe214021000 rw-p 00000000 00:00 0 
7fe214021000-7fe218000000 ---p 00000000 00:00 0 
7fe218000000-7fe218021000 rw-p 00000000 00:00 0 
7fe218021000-7fe21c000000 ---p 00000000 00:00 0 
7fe21ce00000-7fe21cf40000 rw-p 00000000 00:00 0 
7fe21cf40000-7fe21d000000 ---p 00000000 00:00 0 
7fe21d000000-7fe21d200000 rw-p 00000000 00:00 0 
7fe21d200000-7fe21d400000 rw-p 00000000 00:00 0 
7fe21d421000-7fe21d425000 ---p 00000000 00:00 0 
7fe21d425000-7fe21d521000 rw-p 00000000 00:00 0 
7fe21d700000-7fe21d704000 ---p 00000000 00:00 0 
7fe21d704000-7fe21d800000 rw-p 00000000 00:00 0 
7fe21d800000-7fe21da00000 rw-p 00000000 00:00 0 
7fe21da00000-7fe21da04000 ---p 00000000 00:00 0 
7fe21da04000-7fe21db00000 rw-p 00000000 00:00 0 
7fe21db00000-7fe21db04000 ---p 00000000 00:00 0 
7fe21db04000-7fe21dc00000 rw-p 00000000 00:00 0 
7fe21dc00000-7fe21dcdf000 r-xp 00000000 103:03 154055                    /tmp/sqlite-3.34.0-3dd35aab-5cb4-4eb7-b890-9c2cc61b8d1a-libsqlitejdbc.so
7fe21dcdf000-7fe21dede000 ---p 000df000 103:03 154055                    /tmp/sqlite-3.34.0-3dd35aab-5cb4-4eb7-b890-9c2cc61b8d1a-libsqlitejdbc.so
7fe21dede000-7fe21dee5000 rw-p 000de000 103:03 154055                    /tmp/sqlite-3.34.0-3dd35aab-5cb4-4eb7-b890-9c2cc61b8d1a-libsqlitejdbc.so
7fe21defc000-7fe21df00000 ---p 00000000 00:00 0 
7fe21df00000-7fe21dffc000 rw-p 00000000 00:00 0 
7fe21dffc000-7fe21dffd000 ---p 00000000 00:00 0 
7fe21dffd000-7fe21e0fe000 rw-p 00000000 00:00 0 
7fe21e0fe000-7fe21e0ff000 ---p 00000000 00:00 0 
7fe21e0ff000-7fe21e200000 rw-p 00000000 00:00 0 
7fe21e200000-7fe21e3ec000 rw-p 00000000 00:00 0 
7fe21e3ec000-7fe21e400000 ---p 00000000 00:00 0 
7fe21e400000-7fe21e600000 rw-p 00000000 00:00 0 
7fe21e600000-7fe21e601000 r-xp 00000000 103:04 147177                    /usr/lib/jvm/java-11-openjdk-amd64/lib/libprefs.so
7fe21e601000-7fe21e800000 ---p 00001000 103:04 147177                    /usr/lib/jvm/java-11-openjdk-amd64/lib/libprefs.so
7fe21e800000-7fe21e801000 r--p 00000000 103:04 147177                    /usr/lib/jvm/java-11-openjdk-amd64/lib/libprefs.so
7fe21e801000-7fe21e802000 rw-p 00001000 103:04 147177                    /usr/lib/jvm/java-11-openjdk-amd64/lib/libprefs.so
7fe21e900000-7fe21e904000 ---p 00000000 00:00 0 
7fe21e904000-7fe21ea00000 rw-p 00000000 00:00 0 
7fe21ea00000-7fe21ec00000 rw-p 00000000 00:00 0 
7fe21ec00000-7fe21ee00000 rw-p 00000000 00:00 0 
7fe21ee00000-7fe21ee05000 r-xp 00000000 103:04 2898147                   /usr/lib/x86_64-linux-gnu/libXdmcp.so.6.0.0
7fe21ee05000-7fe21f004000 ---p 00005000 103:04 2898147                   /usr/lib/x86_64-linux-gnu/libXdmcp.so.6.0.0
7fe21f004000-7fe21f005000 r--p 00004000 103:04 2898147                   /usr/lib/x86_64-linux-gnu/libXdmcp.so.6.0.0
7fe21f005000-7fe21f006000 rw-p 00005000 103:04 2898147                   /usr/lib/x86_64-linux-gnu/libXdmcp.so.6.0.0
7fe21f100000-7fe21f104000 ---p 00000000 00:00 0 
7fe21f104000-7fe21f200000 rw-p 00000000 00:00 0 
7fe21f200000-7fe21f25e000 r-xp 00000000 103:04 147154                    /usr/lib/jvm/java-11-openjdk-amd64/lib/libawt_xawt.so
7fe21f25e000-7fe21f45d000 ---p 0005e000 103:04 147154                    /usr/lib/jvm/java-11-openjdk-amd64/lib/libawt_xawt.so
7fe21f45d000-7fe21f45e000 r--p 0005d000 103:04 147154                    /usr/lib/jvm/java-11-openjdk-amd64/lib/libawt_xawt.so
7fe21f45e000-7fe21f461000 rw-p 0005e000 103:04 147154                    /usr/lib/jvm/java-11-openjdk-amd64/lib/libawt_xawt.so
7fe21f461000-7fe21f463000 rw-p 00000000 00:00 0 
7fe21f4be000-7fe21f4da000 r--p 00000000 103:04 2898155                   /usr/lib/x86_64-linux-gnu/libX11.so.6.4.0
7fe21f4da000-7fe21f565000 r-xp 0001c000 103:04 2898155                   /usr/lib/x86_64-linux-gnu/libX11.so.6.4.0
7fe21f565000-7fe21f5fa000 r--p 000a7000 103:04 2898155                   /usr/lib/x86_64-linux-gnu/libX11.so.6.4.0
7fe21f5fa000-7fe21f5fb000 r--p 0013c000 103:04 2898155                   /usr/lib/x86_64-linux-gnu/libX11.so.6.4.0
7fe21f5fb000-7fe21f600000 rw-p 0013d000 103:04 2898155                   /usr/lib/x86_64-linux-gnu/libX11.so.6.4.0
7fe21f600000-7fe21f6a0000 r-xp 00000000 103:04 147152                    /usr/lib/jvm/java-11-openjdk-amd64/lib/libawt.so
7fe21f6a0000-7fe21f8a0000 ---p 000a0000 103:04 147152                    /usr/lib/jvm/java-11-openjdk-amd64/lib/libawt.so
7fe21f8a0000-7fe21f8a1000 r--p 000a0000 103:04 147152                    /usr/lib/jvm/java-11-openjdk-amd64/lib/libawt.so
7fe21f8a1000-7fe21f8ac000 rw-p 000a1000 103:04 147152                    /usr/lib/jvm/java-11-openjdk-amd64/lib/libawt.so
7fe21f8ac000-7fe21f8d1000 rw-p 00000000 00:00 0 
7fe21f8f4000-7fe21f8f8000 ---p 00000000 00:00 0 
7fe21f8f8000-7fe21f9f4000 rw-p 00000000 00:00 0 
7fe21f9f4000-7fe21f9f5000 ---p 00000000 00:00 0 
7fe21f9f5000-7fe21faf6000 rw-p 00000000 00:00 0 
7fe21faf6000-7fe21faf7000 ---p 00000000 00:00 0 
7fe21faf7000-7fe21fbf8000 rw-p 00000000 00:00 0 
7fe21fbf8000-7fe21fbf9000 ---p 00000000 00:00 0 
7fe21fbf9000-7fe21fcfa000 rw-p 00000000 00:00 0 
7fe21fcfa000-7fe21fcfb000 ---p 00000000 00:00 0 
7fe21fcfb000-7fe21fdfc000 rw-p 00000000 00:00 0 
7fe21fdfc000-7fe21fdfd000 ---p 00000000 00:00 0 
7fe21fdfd000-7fe21fefe000 rw-p 00000000 00:00 0 
7fe21fefe000-7fe21feff000 ---p 00000000 00:00 0 
7fe21feff000-7fe220000000 rw-p 00000000 00:00 0 
7fe220000000-7fe220021000 rw-p 00000000 00:00 0 
7fe220021000-7fe224000000 ---p 00000000 00:00 0 
7fe224000000-7fe224021000 rw-p 00000000 00:00 0 
7fe224021000-7fe228000000 ---p 00000000 00:00 0 
7fe228000000-7fe228021000 rw-p 00000000 00:00 0 
7fe228021000-7fe22c000000 ---p 00000000 00:00 0 
7fe22c000000-7fe22c021000 rw-p 00000000 00:00 0 
7fe22c021000-7fe230000000 ---p 00000000 00:00 0 
7fe230000000-7fe230021000 rw-p 00000000 00:00 0 
7fe230021000-7fe234000000 ---p 00000000 00:00 0 
7fe234000000-7fe234021000 rw-p 00000000 00:00 0 
7fe234021000-7fe238000000 ---p 00000000 00:00 0 
7fe238000000-7fe238021000 rw-p 00000000 00:00 0 
7fe238021000-7fe23c000000 ---p 00000000 00:00 0 
7fe23c000000-7fe23c021000 rw-p 00000000 00:00 0 
7fe23c021000-7fe240000000 ---p 00000000 00:00 0 
7fe240000000-7fe240b75000 rw-p 00000000 00:00 0 
7fe240b75000-7fe244000000 ---p 00000000 00:00 0 
7fe244000000-7fe244d80000 rw-p 00000000 00:00 0 
7fe244d80000-7fe248000000 ---p 00000000 00:00 0 
7fe248000000-7fe248021000 rw-p 00000000 00:00 0 
7fe248021000-7fe24c000000 ---p 00000000 00:00 0 
7fe24c000000-7fe24c021000 rw-p 00000000 00:00 0 
7fe24c021000-7fe250000000 ---p 00000000 00:00 0 
7fe250000000-7fe2503ad000 rw-p 00000000 00:00 0 
7fe2503ad000-7fe254000000 ---p 00000000 00:00 0 
7fe254000000-7fe25402a000 rw-p 00000000 00:00 0 
7fe25402a000-7fe258000000 ---p 00000000 00:00 0 
7fe258000000-7fe258021000 rw-p 00000000 00:00 0 
7fe258021000-7fe25c000000 ---p 00000000 00:00 0 
7fe25c000000-7fe25c429000 rw-p 00000000 00:00 0 
7fe25c429000-7fe260000000 ---p 00000000 00:00 0 
7fe260000000-7fe2603c6000 rw-p 00000000 00:00 0 
7fe2603c6000-7fe264000000 ---p 00000000 00:00 0 
7fe264000000-7fe264021000 rw-p 00000000 00:00 0 
7fe264021000-7fe268000000 ---p 00000000 00:00 0 
7fe268000000-7fe268021000 rw-p 00000000 00:00 0 
7fe268021000-7fe26c000000 ---p 00000000 00:00 0 
7fe26c000000-7fe26cfff000 rw-p 00000000 00:00 0 
7fe26cfff000-7fe270000000 ---p 00000000 00:00 0 
7fe270000000-7fe270021000 rw-p 00000000 00:00 0 
7fe270021000-7fe274000000 ---p 00000000 00:00 0 
7fe274000000-7fe274021000 rw-p 00000000 00:00 0 
7fe274021000-7fe278000000 ---p 00000000 00:00 0 
7fe278000000-7fe278021000 rw-p 00000000 00:00 0 
7fe278021000-7fe27c000000 ---p 00000000 00:00 0 
7fe27c000000-7fe27c3af000 rw-p 00000000 00:00 0 
7fe27c3af000-7fe280000000 ---p 00000000 00:00 0 
7fe280000000-7fe280021000 rw-p 00000000 00:00 0 
7fe280021000-7fe284000000 ---p 00000000 00:00 0 
7fe284000000-7fe284021000 rw-p 00000000 00:00 0 
7fe284021000-7fe288000000 ---p 00000000 00:00 0 
7fe2880f6000-7fe2880f7000 ---p 00000000 00:00 0 
7fe2880f7000-7fe2881f8000 rw-p 00000000 00:00 0 
7fe2881f8000-7fe2881f9000 ---p 00000000 00:00 0 
7fe2881f9000-7fe2882fa000 rw-p 00000000 00:00 0 
7fe2882fa000-7fe2882fb000 ---p 00000000 00:00 0 
7fe2882fb000-7fe2883fc000 rw-p 00000000 00:00 0 
7fe2883fc000-7fe2883fd000 ---p 00000000 00:00 0 
7fe2883fd000-7fe2884fe000 rw-p 00000000 00:00 0 
7fe2884fe000-7fe2884ff000 ---p 00000000 00:00 0 
7fe2884ff000-7fe288600000 rw-p 00000000 00:00 0 
7fe288600000-7fe288800000 rw-p 00000000 00:00 0 
7fe288800000-7fe288802000 r-xp 00000000 103:04 147156                    /usr/lib/jvm/java-11-openjdk-amd64/lib/libextnet.so
7fe288802000-7fe288a01000 ---p 00002000 103:04 147156                    /usr/lib/jvm/java-11-openjdk-amd64/lib/libextnet.so
7fe288a01000-7fe288a02000 r--p 00001000 103:04 147156                    /usr/lib/jvm/java-11-openjdk-amd64/lib/libextnet.so
7fe288a02000-7fe288a03000 rw-p 00002000 103:04 147156                    /usr/lib/jvm/java-11-openjdk-amd64/lib/libextnet.so
7fe288afe000-7fe288aff000 ---p 00000000 00:00 0 
7fe288aff000-7fe288c00000 rw-p 00000000 00:00 0 
7fe288c00000-7fe288e00000 rw-p 00000000 00:00 0 
7fe288efe000-7fe288f02000 ---p 00000000 00:00 0 
7fe288f02000-7fe288ffe000 rw-p 00000000 00:00 0 
7fe288ffe000-7fe288fff000 ---p 00000000 00:00 0 
7fe288fff000-7fe289100000 rw-p 00000000 00:00 0 
7fe289100000-7fe289104000 ---p 00000000 00:00 0 
7fe289104000-7fe289200000 rw-p 00000000 00:00 0 
7fe289200000-7fe289216000 r-xp 00000000 103:04 147175                    /usr/lib/jvm/java-11-openjdk-amd64/lib/libnet.so
7fe289216000-7fe289416000 ---p 00016000 103:04 147175                    /usr/lib/jvm/java-11-openjdk-amd64/lib/libnet.so
7fe289416000-7fe289417000 r--p 00016000 103:04 147175                    /usr/lib/jvm/java-11-openjdk-amd64/lib/libnet.so
7fe289417000-7fe289418000 rw-p 00017000 103:04 147175                    /usr/lib/jvm/java-11-openjdk-amd64/lib/libnet.so
7fe289500000-7fe289504000 ---p 00000000 00:00 0 
7fe289504000-7fe289600000 rw-p 00000000 00:00 0 
7fe289600000-7fe289610000 r-xp 00000000 103:04 147176                    /usr/lib/jvm/java-11-openjdk-amd64/lib/libnio.so
7fe289610000-7fe28980f000 ---p 00010000 103:04 147176                    /usr/lib/jvm/java-11-openjdk-amd64/lib/libnio.so
7fe28980f000-7fe289810000 r--p 0000f000 103:04 147176                    /usr/lib/jvm/java-11-openjdk-amd64/lib/libnio.so
7fe289810000-7fe289811000 rw-p 00010000 103:04 147176                    /usr/lib/jvm/java-11-openjdk-amd64/lib/libnio.so
7fe289900000-7fe289904000 ---p 00000000 00:00 0 
7fe289904000-7fe289a00000 rw-p 00000000 00:00 0 
7fe289a00000-7fe289a04000 ---p 00000000 00:00 0 
7fe289a04000-7fe289b00000 rw-p 00000000 00:00 0 
7fe289b00000-7fe289b04000 ---p 00000000 00:00 0 
7fe289b04000-7fe289c00000 rw-p 00000000 00:00 0 
7fe289c00000-7fe289c04000 r-xp 00000000 103:04 147155                    /usr/lib/jvm/java-11-openjdk-amd64/lib/libdt_socket.so
7fe289c04000-7fe289e04000 ---p 00004000 103:04 147155                    /usr/lib/jvm/java-11-openjdk-amd64/lib/libdt_socket.so
7fe289e04000-7fe289e05000 r--p 00004000 103:04 147155                    /usr/lib/jvm/java-11-openjdk-amd64/lib/libdt_socket.so
7fe289e05000-7fe289e06000 rw-p 00005000 103:04 147155                    /usr/lib/jvm/java-11-openjdk-amd64/lib/libdt_socket.so
7fe289f00000-7fe289f04000 ---p 00000000 00:00 0 
7fe289f04000-7fe28a000000 rw-p 00000000 00:00 0 
7fe28a000000-7fe28c000000 rw-p 00000000 00:00 0 
7fe28c000000-7fe28c021000 rw-p 00000000 00:00 0 
7fe28c021000-7fe290004000 ---p 00000000 00:00 0 
7fe290004000-7fe290100000 rw-p 00000000 00:00 0 
7fe290100000-7fe290104000 ---p 00000000 00:00 0 
7fe290104000-7fe290200000 rw-p 00000000 00:00 0 
7fe290200000-7fe290204000 ---p 00000000 00:00 0 
7fe290204000-7fe290300000 rw-p 00000000 00:00 0 
7fe290300000-7fe290304000 ---p 00000000 00:00 0 
7fe290304000-7fe290400000 rw-p 00000000 00:00 0 
7fe290400000-7fe290404000 ---p 00000000 00:00 0 
7fe290404000-7fe290500000 rw-p 00000000 00:00 0 
7fe290500000-7fe290504000 ---p 00000000 00:00 0 
7fe290504000-7fe290600000 rw-p 00000000 00:00 0 
7fe290600000-7fe2908ea000 r--p 00000000 103:04 2905138                   /usr/lib/locale/locale-archive
7fe290900000-7fe290904000 ---p 00000000 00:00 0 
7fe290904000-7fe290a00000 rw-p 00000000 00:00 0 
7fe290a00000-7fe290a04000 ---p 00000000 00:00 0 
7fe290a04000-7fe290b00000 rw-p 00000000 00:00 0 
7fe290b00000-7fe290b04000 ---p 00000000 00:00 0 
7fe290b04000-7fe290c00000 rw-p 00000000 00:00 0 
7fe290c00000-7fe291400000 rw-p 00000000 00:00 0 
7fe29145e000-7fe29145f000 ---p 00000000 00:00 0 
7fe29145f000-7fe291560000 rw-p 00000000 00:00 0 
7fe291560000-7fe2924d0000 rw-p 00000000 00:00 0 
7fe2924d0000-7fe2a0be0000 ---p 00000000 00:00 0 
7fe2a0be0000-7fe2a1b50000 rw-p 00000000 00:00 0 
7fe2a1b50000-7fe2b0260000 ---p 00000000 00:00 0 
7fe2b0260000-7fe2b044e000 rw-p 00000000 00:00 0 
7fe2b044e000-7fe2b2130000 ---p 00000000 00:00 0 
7fe2b2130000-7fe2b231e000 rw-p 00000000 00:00 0 
7fe2b231e000-7fe2b4000000 ---p 00000000 00:00 0 
7fe2b4000000-7fe2b4021000 rw-p 00000000 00:00 0 
7fe2b4021000-7fe2b8000000 ---p 00000000 00:00 0 
7fe2b809b000-7fe2b809c000 ---p 00000000 00:00 0 
7fe2b809c000-7fe2b819d000 rw-p 00000000 00:00 0 
7fe2b819d000-7fe2b819e000 ---p 00000000 00:00 0 
7fe2b819e000-7fe2b829f000 rw-p 00000000 00:00 0 
7fe2b829f000-7fe2b8fac000 rw-p 00000000 00:00 0 
7fe2b8fac000-7fe2b8fad000 ---p 00000000 00:00 0 
7fe2b8fad000-7fe2b90ae000 rw-p 00000000 00:00 0 
7fe2b90ae000-7fe2b90af000 ---p 00000000 00:00 0 
7fe2b90af000-7fe2b91b0000 rw-p 00000000 00:00 0 
7fe2b91b0000-7fe2b9518000 rw-p 00000000 00:00 0 
7fe2b9518000-7fe2bb1fa000 ---p 00000000 00:00 0 
7fe2bb1fa000-7fe2bb800000 rw-p 00000000 00:00 0 
7fe2bb800000-7fe2bbb00000 rwxp 00000000 00:00 0 
7fe2bbb00000-7fe2bbf3e000 ---p 00000000 00:00 0 
7fe2bbf3e000-7fe2bc6fe000 rwxp 00000000 00:00 0 
7fe2bc6fe000-7fe2c339f000 ---p 00000000 00:00 0 
7fe2c339f000-7fe2c360f000 rwxp 00000000 00:00 0 
7fe2c360f000-7fe2ca800000 ---p 00000000 00:00 0 
7fe2ca800000-7fe2d2ba8000 r--s 00000000 103:04 147186                    /usr/lib/jvm/java-11-openjdk-amd64/lib/modules
7fe2d2c00000-7fe2d2c1b000 r-xp 00000000 103:04 147167                    /usr/lib/jvm/java-11-openjdk-amd64/lib/libjimage.so
7fe2d2c1b000-7fe2d2e1a000 ---p 0001b000 103:04 147167                    /usr/lib/jvm/java-11-openjdk-amd64/lib/libjimage.so
7fe2d2e1a000-7fe2d2e1c000 r--p 0001a000 103:04 147167                    /usr/lib/jvm/java-11-openjdk-amd64/lib/libjimage.so
7fe2d2e1c000-7fe2d2e1d000 rw-p 0001c000 103:04 147167                    /usr/lib/jvm/java-11-openjdk-amd64/lib/libjimage.so
7fe2d2eff000-7fe2d3000000 rw-p 00000000 00:00 0 
7fe2d3000000-7fe2d3007000 r-xp 00000000 103:04 147185                    /usr/lib/jvm/java-11-openjdk-amd64/lib/libzip.so
7fe2d3007000-7fe2d3206000 ---p 00007000 103:04 147185                    /usr/lib/jvm/java-11-openjdk-amd64/lib/libzip.so
7fe2d3206000-7fe2d3207000 r--p 00006000 103:04 147185                    /usr/lib/jvm/java-11-openjdk-amd64/lib/libzip.so
7fe2d3207000-7fe2d3208000 rw-p 00007000 103:04 147185                    /usr/lib/jvm/java-11-openjdk-amd64/lib/libzip.so
7fe2d32ff000-7fe2d3400000 rw-p 00000000 00:00 0 
7fe2d3400000-7fe2d340a000 r-xp 00000000 103:04 147158                    /usr/lib/jvm/java-11-openjdk-amd64/lib/libinstrument.so
7fe2d340a000-7fe2d3609000 ---p 0000a000 103:04 147158                    /usr/lib/jvm/java-11-openjdk-amd64/lib/libinstrument.so
7fe2d3609000-7fe2d360a000 r--p 00009000 103:04 147158                    /usr/lib/jvm/java-11-openjdk-amd64/lib/libinstrument.so
7fe2d360a000-7fe2d360b000 rw-p 0000a000 103:04 147158                    /usr/lib/jvm/java-11-openjdk-amd64/lib/libinstrument.so
7fe2d36ff000-7fe2d3800000 rw-p 00000000 00:00 0 
7fe2d3800000-7fe2d383b000 r-xp 00000000 103:04 147166                    /usr/lib/jvm/java-11-openjdk-amd64/lib/libjdwp.so
7fe2d383b000-7fe2d3a3a000 ---p 0003b000 103:04 147166                    /usr/lib/jvm/java-11-openjdk-amd64/lib/libjdwp.so
7fe2d3a3a000-7fe2d3a3b000 r--p 0003a000 103:04 147166                    /usr/lib/jvm/java-11-openjdk-amd64/lib/libjdwp.so
7fe2d3a3b000-7fe2d3a3c000 rw-p 0003b000 103:04 147166                    /usr/lib/jvm/java-11-openjdk-amd64/lib/libjdwp.so
7fe2d3aff000-7fe2d3c00000 rw-p 00000000 00:00 0 
7fe2d3c00000-7fe2d3c29000 r-xp 00000000 103:04 147163                    /usr/lib/jvm/java-11-openjdk-amd64/lib/libjava.so
7fe2d3c29000-7fe2d3e28000 ---p 00029000 103:04 147163                    /usr/lib/jvm/java-11-openjdk-amd64/lib/libjava.so
7fe2d3e28000-7fe2d3e29000 r--p 00028000 103:04 147163                    /usr/lib/jvm/java-11-openjdk-amd64/lib/libjava.so
7fe2d3e29000-7fe2d3e2b000 rw-p 00029000 103:04 147163                    /usr/lib/jvm/java-11-openjdk-amd64/lib/libjava.so
7fe2d3eff000-7fe2d4000000 rw-p 00000000 00:00 0 
7fe2d4000000-7fe2d5f04000 rw-p 00000000 00:00 0 
7fe2d5f04000-7fe2d8000000 ---p 00000000 00:00 0 
7fe2d8005000-7fe2d8009000 ---p 00000000 00:00 0 
7fe2d8009000-7fe2d8027000 rw-p 00000000 00:00 0 
7fe2d8027000-7fe2d802b000 r--p 00000000 103:04 2885319                   /usr/lib/x86_64-linux-gnu/libbsd.so.0.11.7
7fe2d802b000-7fe2d8037000 r-xp 00004000 103:04 2885319                   /usr/lib/x86_64-linux-gnu/libbsd.so.0.11.7
7fe2d8037000-7fe2d803a000 r--p 00010000 103:04 2885319                   /usr/lib/x86_64-linux-gnu/libbsd.so.0.11.7
7fe2d803a000-7fe2d803b000 r--p 00013000 103:04 2885319                   /usr/lib/x86_64-linux-gnu/libbsd.so.0.11.7
7fe2d803b000-7fe2d803c000 rw-p 00014000 103:04 2885319                   /usr/lib/x86_64-linux-gnu/libbsd.so.0.11.7
7fe2d803c000-7fe2d803d000 rw-p 00000000 00:00 0 
7fe2d803d000-7fe2d8049000 r--p 00000000 103:04 2898151                   /usr/lib/x86_64-linux-gnu/libxcb.so.1.1.0
7fe2d8049000-7fe2d805c000 r-xp 0000c000 103:04 2898151                   /usr/lib/x86_64-linux-gnu/libxcb.so.1.1.0
7fe2d805c000-7fe2d8065000 r--p 0001f000 103:04 2898151                   /usr/lib/x86_64-linux-gnu/libxcb.so.1.1.0
7fe2d8065000-7fe2d8066000 r--p 00027000 103:04 2898151                   /usr/lib/x86_64-linux-gnu/libxcb.so.1.1.0
7fe2d8066000-7fe2d8067000 rw-p 00028000 103:04 2898151                   /usr/lib/x86_64-linux-gnu/libxcb.so.1.1.0
7fe2d8067000-7fe2d806a000 r--p 00000000 103:04 2898517                   /usr/lib/x86_64-linux-gnu/libXi.so.6.1.0
7fe2d806a000-7fe2d8076000 r-xp 00003000 103:04 2898517                   /usr/lib/x86_64-linux-gnu/libXi.so.6.1.0
7fe2d8076000-7fe2d8079000 r--p 0000f000 103:04 2898517                   /usr/lib/x86_64-linux-gnu/libXi.so.6.1.0
7fe2d8079000-7fe2d807a000 r--p 00011000 103:04 2898517                   /usr/lib/x86_64-linux-gnu/libXi.so.6.1.0
7fe2d807a000-7fe2d807b000 rw-p 00012000 103:04 2898517                   /usr/lib/x86_64-linux-gnu/libXi.so.6.1.0
7fe2d807b000-7fe2d82fe000 rw-p 00000000 00:00 0 
7fe2d82fe000-7fe2d82ff000 ---p 00000000 00:00 0 
7fe2d82ff000-7fe2d8400000 rw-p 00000000 00:00 0 
7fe2d8400000-7fe2d840d000 r-xp 00000000 103:04 147184                    /usr/lib/jvm/java-11-openjdk-amd64/lib/libverify.so
7fe2d840d000-7fe2d860c000 ---p 0000d000 103:04 147184                    /usr/lib/jvm/java-11-openjdk-amd64/lib/libverify.so
7fe2d860c000-7fe2d860e000 r--p 0000c000 103:04 147184                    /usr/lib/jvm/java-11-openjdk-amd64/lib/libverify.so
7fe2d860e000-7fe2d860f000 rw-p 0000e000 103:04 147184                    /usr/lib/jvm/java-11-openjdk-amd64/lib/libverify.so
7fe2d8614000-7fe2d8616000 r--p 00000000 103:04 2883867                   /usr/lib/x86_64-linux-gnu/libmd.so.0.0.5
7fe2d8616000-7fe2d861d000 r-xp 00002000 103:04 2883867                   /usr/lib/x86_64-linux-gnu/libmd.so.0.0.5
7fe2d861d000-7fe2d861f000 r--p 00009000 103:04 2883867                   /usr/lib/x86_64-linux-gnu/libmd.so.0.0.5
7fe2d861f000-7fe2d8620000 r--p 0000a000 103:04 2883867                   /usr/lib/x86_64-linux-gnu/libmd.so.0.0.5
7fe2d8620000-7fe2d8621000 rw-p 0000b000 103:04 2883867                   /usr/lib/x86_64-linux-gnu/libmd.so.0.0.5
7fe2d8621000-7fe2d8623000 r--p 00000000 103:04 2898293                   /usr/lib/x86_64-linux-gnu/libXrender.so.1.3.0
7fe2d8623000-7fe2d862a000 r-xp 00002000 103:04 2898293                   /usr/lib/x86_64-linux-gnu/libXrender.so.1.3.0
7fe2d862a000-7fe2d862c000 r--p 00009000 103:04 2898293                   /usr/lib/x86_64-linux-gnu/libXrender.so.1.3.0
7fe2d862c000-7fe2d862d000 r--p 0000a000 103:04 2898293                   /usr/lib/x86_64-linux-gnu/libXrender.so.1.3.0
7fe2d862d000-7fe2d862e000 rw-p 0000b000 103:04 2898293                   /usr/lib/x86_64-linux-gnu/libXrender.so.1.3.0
7fe2d862e000-7fe2d8633000 rw-p 00000000 00:00 0 
7fe2d8633000-7fe2d8717000 ---p 00000000 00:00 0 
7fe2d8717000-7fe2d8727000 rw-p 00000000 00:00 0 
7fe2d8727000-7fe2d8800000 ---p 00000000 00:00 0 
7fe2d8800000-7fe2d993d000 r-xp 00000000 103:04 147197                    /usr/lib/jvm/java-11-openjdk-amd64/lib/server/libjvm.so
7fe2d993d000-7fe2d9b3c000 ---p 0113d000 103:04 147197                    /usr/lib/jvm/java-11-openjdk-amd64/lib/server/libjvm.so
7fe2d9b3c000-7fe2d9bfb000 r--p 0113c000 103:04 147197                    /usr/lib/jvm/java-11-openjdk-amd64/lib/server/libjvm.so
7fe2d9bfb000-7fe2d9c34000 rw-p 011fb000 103:04 147197                    /usr/lib/jvm/java-11-openjdk-amd64/lib/server/libjvm.so
7fe2d9c34000-7fe2d9c8a000 rw-p 00000000 00:00 0 
7fe2d9c8e000-7fe2d9c92000 r--p 00000000 103:04 2898202                   /usr/lib/x86_64-linux-gnu/libXext.so.6.4.0
7fe2d9c92000-7fe2d9c9d000 r-xp 00004000 103:04 2898202                   /usr/lib/x86_64-linux-gnu/libXext.so.6.4.0
7fe2d9c9d000-7fe2d9ca1000 r--p 0000f000 103:04 2898202                   /usr/lib/x86_64-linux-gnu/libXext.so.6.4.0
7fe2d9ca1000-7fe2d9ca2000 r--p 00012000 103:04 2898202                   /usr/lib/x86_64-linux-gnu/libXext.so.6.4.0
7fe2d9ca2000-7fe2d9ca3000 rw-p 00013000 103:04 2898202                   /usr/lib/x86_64-linux-gnu/libXext.so.6.4.0
7fe2d9ca3000-7fe2d9d1f000 rw-p 00000000 00:00 0 
7fe2d9d1f000-7fe2d9d23000 ---p 00000000 00:00 0 
7fe2d9d23000-7fe2d9e1f000 rw-p 00000000 00:00 0 
7fe2d9e1f000-7fe2d9e45000 r--p 00000000 103:04 2883962                   /usr/lib/x86_64-linux-gnu/libc.so.6
7fe2d9e45000-7fe2d9f9a000 r-xp 00026000 103:04 2883962                   /usr/lib/x86_64-linux-gnu/libc.so.6
7fe2d9f9a000-7fe2d9fed000 r--p 0017b000 103:04 2883962                   /usr/lib/x86_64-linux-gnu/libc.so.6
7fe2d9fed000-7fe2d9ff1000 r--p 001ce000 103:04 2883962                   /usr/lib/x86_64-linux-gnu/libc.so.6
7fe2d9ff1000-7fe2d9ff3000 rw-p 001d2000 103:04 2883962                   /usr/lib/x86_64-linux-gnu/libc.so.6
7fe2d9ff3000-7fe2da000000 rw-p 00000000 00:00 0 
7fe2da000000-7fe2da010000 r-xp 00000000 103:04 147148                    /usr/lib/jvm/java-11-openjdk-amd64/lib/jli/libjli.so
7fe2da010000-7fe2da20f000 ---p 00010000 103:04 147148                    /usr/lib/jvm/java-11-openjdk-amd64/lib/jli/libjli.so
7fe2da20f000-7fe2da210000 r--p 0000f000 103:04 147148                    /usr/lib/jvm/java-11-openjdk-amd64/lib/jli/libjli.so
7fe2da210000-7fe2da211000 rw-p 00010000 103:04 147148                    /usr/lib/jvm/java-11-openjdk-amd64/lib/jli/libjli.so
7fe2da211000-7fe2da213000 r--p 00000000 103:04 2899100                   /usr/lib/x86_64-linux-gnu/libXtst.so.6.1.0
7fe2da213000-7fe2da216000 r-xp 00002000 103:04 2899100                   /usr/lib/x86_64-linux-gnu/libXtst.so.6.1.0
7fe2da216000-7fe2da217000 r--p 00005000 103:04 2899100                   /usr/lib/x86_64-linux-gnu/libXtst.so.6.1.0
7fe2da217000-7fe2da218000 r--p 00005000 103:04 2899100                   /usr/lib/x86_64-linux-gnu/libXtst.so.6.1.0
7fe2da218000-7fe2da219000 rw-p 00006000 103:04 2899100                   /usr/lib/x86_64-linux-gnu/libXtst.so.6.1.0
7fe2da22f000-7fe2da230000 r--s 00000000 103:08 47069678                  /home/andreisd/Documents/project/uni/GEOFrame/kriging/resources/Input/krigings/PointCase/rainstations.prj
7fe2da230000-7fe2da231000 r--s 00000000 103:08 47069691                  /home/andreisd/Documents/project/uni/GEOFrame/kriging/resources/Input/krigings/PointCase/basins_passirio_width0.prj
7fe2da231000-7fe2da292000 rw-p 00000000 00:00 0 
7fe2da292000-7fe2da29b000 ---p 00000000 00:00 0 
7fe2da29b000-7fe2da29c000 r--p 00000000 103:04 2883979                   /usr/lib/x86_64-linux-gnu/librt.so.1
7fe2da29c000-7fe2da29d000 r-xp 00001000 103:04 2883979                   /usr/lib/x86_64-linux-gnu/librt.so.1
7fe2da29d000-7fe2da29e000 r--p 00002000 103:04 2883979                   /usr/lib/x86_64-linux-gnu/librt.so.1
7fe2da29e000-7fe2da29f000 r--p 00002000 103:04 2883979                   /usr/lib/x86_64-linux-gnu/librt.so.1
7fe2da29f000-7fe2da2a0000 rw-p 00003000 103:04 2883979                   /usr/lib/x86_64-linux-gnu/librt.so.1
7fe2da2a0000-7fe2da2b0000 r--p 00000000 103:04 2883965                   /usr/lib/x86_64-linux-gnu/libm.so.6
7fe2da2b0000-7fe2da323000 r-xp 00010000 103:04 2883965                   /usr/lib/x86_64-linux-gnu/libm.so.6
7fe2da323000-7fe2da37d000 r--p 00083000 103:04 2883965                   /usr/lib/x86_64-linux-gnu/libm.so.6
7fe2da37d000-7fe2da37e000 r--p 000dc000 103:04 2883965                   /usr/lib/x86_64-linux-gnu/libm.so.6
7fe2da37e000-7fe2da37f000 rw-p 000dd000 103:04 2883965                   /usr/lib/x86_64-linux-gnu/libm.so.6
7fe2da37f000-7fe2da383000 rw-p 00000000 00:00 0 
7fe2da383000-7fe2da384000 r--p 00000000 103:04 2883964                   /usr/lib/x86_64-linux-gnu/libdl.so.2
7fe2da384000-7fe2da385000 r-xp 00001000 103:04 2883964                   /usr/lib/x86_64-linux-gnu/libdl.so.2
7fe2da385000-7fe2da386000 r--p 00002000 103:04 2883964                   /usr/lib/x86_64-linux-gnu/libdl.so.2
7fe2da386000-7fe2da387000 r--p 00002000 103:04 2883964                   /usr/lib/x86_64-linux-gnu/libdl.so.2
7fe2da387000-7fe2da388000 rw-p 00003000 103:04 2883964                   /usr/lib/x86_64-linux-gnu/libdl.so.2
7fe2da388000-7fe2da389000 r--p 00000000 103:04 2883977                   /usr/lib/x86_64-linux-gnu/libpthread.so.0
7fe2da389000-7fe2da38a000 r-xp 00001000 103:04 2883977                   /usr/lib/x86_64-linux-gnu/libpthread.so.0
7fe2da38a000-7fe2da38b000 r--p 00002000 103:04 2883977                   /usr/lib/x86_64-linux-gnu/libpthread.so.0
7fe2da38b000-7fe2da38c000 r--p 00002000 103:04 2883977                   /usr/lib/x86_64-linux-gnu/libpthread.so.0
7fe2da38c000-7fe2da38d000 rw-p 00003000 103:04 2883977                   /usr/lib/x86_64-linux-gnu/libpthread.so.0
7fe2da38d000-7fe2da390000 r--p 00000000 103:04 2883926                   /usr/lib/x86_64-linux-gnu/libz.so.1.2.13
7fe2da390000-7fe2da3a3000 r-xp 00003000 103:04 2883926                   /usr/lib/x86_64-linux-gnu/libz.so.1.2.13
7fe2da3a3000-7fe2da3aa000 r--p 00016000 103:04 2883926                   /usr/lib/x86_64-linux-gnu/libz.so.1.2.13
7fe2da3aa000-7fe2da3ab000 r--p 0001c000 103:04 2883926                   /usr/lib/x86_64-linux-gnu/libz.so.1.2.13
7fe2da3ab000-7fe2da3ac000 rw-p 0001d000 103:04 2883926                   /usr/lib/x86_64-linux-gnu/libz.so.1.2.13
7fe2da3ac000-7fe2da3ad000 r--s 00000000 103:08 47069691                  /home/andreisd/Documents/project/uni/GEOFrame/kriging/resources/Input/krigings/PointCase/basins_passirio_width0.prj
7fe2da3ad000-7fe2da3ae000 r--s 00000000 103:08 47069678                  /home/andreisd/Documents/project/uni/GEOFrame/kriging/resources/Input/krigings/PointCase/rainstations.prj
7fe2da3ae000-7fe2da3af000 r--p 00000000 103:04 2898143                   /usr/lib/x86_64-linux-gnu/libXau.so.6.0.0
7fe2da3af000-7fe2da3b0000 r-xp 00001000 103:04 2898143                   /usr/lib/x86_64-linux-gnu/libXau.so.6.0.0
7fe2da3b0000-7fe2da3b1000 r--p 00002000 103:04 2898143                   /usr/lib/x86_64-linux-gnu/libXau.so.6.0.0
7fe2da3b1000-7fe2da3b2000 r--p 00002000 103:04 2898143                   /usr/lib/x86_64-linux-gnu/libXau.so.6.0.0
7fe2da3b2000-7fe2da3b3000 rw-p 00003000 103:04 2898143                   /usr/lib/x86_64-linux-gnu/libXau.so.6.0.0
7fe2da3b3000-7fe2da3ba000 r--s 00000000 103:04 2884299                   /usr/lib/x86_64-linux-gnu/gconv/gconv-modules.cache
7fe2da3ba000-7fe2da3c2000 rw-s 00000000 103:03 154053                    /tmp/hsperfdata_andreisd/79038
7fe2da3c2000-7fe2da3c3000 ---p 00000000 00:00 0 
7fe2da3c3000-7fe2da3c4000 r--p 00000000 00:00 0 
7fe2da3c4000-7fe2da3c6000 rw-p 00000000 00:00 0 
7fe2da3c6000-7fe2da3ca000 r--p 00000000 00:00 0                          [vvar]
7fe2da3ca000-7fe2da3cc000 r-xp 00000000 00:00 0                          [vdso]
7fe2da3cc000-7fe2da3cd000 r--p 00000000 103:04 2883587                   /usr/lib/x86_64-linux-gnu/ld-linux-x86-64.so.2
7fe2da3cd000-7fe2da3f2000 r-xp 00001000 103:04 2883587                   /usr/lib/x86_64-linux-gnu/ld-linux-x86-64.so.2
7fe2da3f2000-7fe2da3fc000 r--p 00026000 103:04 2883587                   /usr/lib/x86_64-linux-gnu/ld-linux-x86-64.so.2
7fe2da3fc000-7fe2da3fe000 r--p 00030000 103:04 2883587                   /usr/lib/x86_64-linux-gnu/ld-linux-x86-64.so.2
7fe2da3fe000-7fe2da400000 rw-p 00032000 103:04 2883587                   /usr/lib/x86_64-linux-gnu/ld-linux-x86-64.so.2
7ffcc4962000-7ffcc498e000 rw-p 00000000 00:00 0                          [stack]


VM Arguments:
jvm_args: -agentlib:jdwp=transport=dt_socket,suspend=y,address=localhost:36843 -ea -javaagent:/home/andreisd/.eclipse/org.eclipse.platform_4.34.0_1473617060_linux_gtk_x86_64/configuration/org.eclipse.osgi/249/0/.cp/lib/javaagent-shaded.jar -Dfile.encoding=UTF-8 -Dstdout.encoding=UTF-8 -Dstderr.encoding=UTF-8 
java_command: org.eclipse.jdt.internal.junit.runner.RemoteTestRunner -version 3 -port 41597 -testLoaderClass org.eclipse.jdt.internal.junit4.runner.JUnit4TestLoader -loaderpluginname org.eclipse.jdt.junit4.runtime -test test2025.TestKrigingPointCase:testKriging5
java_class_path (initial): /home/andreisd/Documents/project/uni/GEOFrame/kriging/bin/main:/home/andreisd/Documents/project/uni/GEOFrame/kriging/bin/test:/home/andreisd/Documents/project/uni/GEOFrame/kriging/bin/default:/home/andreisd/.gradle/caches/modules-2/files-2.1/org.hortonmachine/hm-modules/0.10.7/dcc51a13be99068f64de949d576779c7e1319943/hm-modules-0.10.7.jar:/home/andreisd/.gradle/caches/modules-2/files-2.1/org.hortonmachine/hm-lesto/0.10.7/1953bf5baac419f336da57fc53a38e07dc1a7a83/hm-lesto-0.10.7.jar:/home/andreisd/.gradle/caches/modules-2/files-2.1/org.hortonmachine/hm-hmachine/0.10.7/d711e37b7a774dbd57e18589b2ef91f85b75b09c/hm-hmachine-0.10.7.jar:/home/andreisd/.gradle/caches/modules-2/files-2.1/org.hortonmachine/hm-gears/0.10.7/fd4e383661f6fa56a69bf35ddec2f2f04eb53bcd/hm-gears-0.10.7.jar:/home/andreisd/.gradle/caches/modules-2/files-2.1/org.hortonmachine/hm-dbs/0.10.7/577c022c72ec97e6ef82f03a4c46cbc978cf21ed/hm-dbs-0.10.7.jar:/home/andreisd/.gradle/caches/modules-2/files-2.1/org.slf4j/slf4j-jdk14/1.7.5/33cf4abac351aa45dd130d31a1e7e33fbbba4762/slf4j-jdk14-1.7.5.jar:/home/andreisd/.gradle/caches/modules-2/files-2.1/net.postgis/postgis-jdbc/2.5.0/a520d5f95a108c41c7ef39ba135889145a57be3d/postgis-jdbc-2.5.0.jar:/home/andreisd/.gradle/caches/modules-2/files-2.1/org.geotools/gt-swing/25.2/cf0e6ec6e266146541fc73d585a8f1514294f8ee/gt-swing-25.2.jar:/home/andreisd/.gradle/caches/modules-2/files-2.1/org.geotools/gt-process-raster/25.2/ef733a96b90173d81b94f3f9cfa4791491deb341/gt-process-raster-25.2.jar:/home/andreisd/.gradle/caches/modules-2/files-2.1/org.geotools/gt-wmts/25.2/a884fed8c61b270762e2388bdc34aac95c99978b/gt-wmts-25.2.jar:/home/andreisd/.gradle/caches/modules-2/files-2.1/org.geotools/gt-wms/25.2/45c594bea0c2a8fc426c8345fcb41fc88bacaefb/gt-wms-25.2.jar:/home/andreisd/.gradle/caches/modules-2/files-2.1/org.geotools/gt-tile-client/25.2/581f19bc9d492b29e81de7fcc1b1a69a396091c6/gt-tile-client-25.2.jar:/home/andreisd/.gradle/caches/modules-2/files-2.1/org.geot
Launcher Type: SUN_STANDARD

[Global flags]
     intx CICompilerCount                          = 12                                        {product} {ergonomic}
     uint ConcGCThreads                            = 3                                         {product} {ergonomic}
     uint G1ConcRefinementThreads                  = 13                                        {product} {ergonomic}
   size_t G1HeapRegionSize                         = 4194304                                   {product} {ergonomic}
    uintx GCDrainStackTargetSize                   = 64                                        {product} {ergonomic}
   size_t InitialHeapSize                          = 1035993088                                {product} {ergonomic}
   size_t MarkStackSize                            = 4194304                                   {product} {ergonomic}
   size_t MaxHeapSize                              = 16542334976                               {product} {ergonomic}
   size_t MaxNewSize                               = 9923723264                                {product} {ergonomic}
   size_t MinHeapDeltaBytes                        = 4194304                                   {product} {ergonomic}
    uintx NonNMethodCodeHeapSize                   = 7591728                                {pd product} {ergonomic}
    uintx NonProfiledCodeHeapSize                  = 122033256                              {pd product} {ergonomic}
    uintx ProfiledCodeHeapSize                     = 122033256                              {pd product} {ergonomic}
    uintx ReservedCodeCacheSize                    = 251658240                              {pd product} {ergonomic}
     bool SegmentedCodeCache                       = true                                      {product} {ergonomic}
     bool UseCompressedClassPointers               = true                                 {lp64_product} {ergonomic}
     bool UseCompressedOops                        = true                                 {lp64_product} {ergonomic}
     bool UseG1GC                                  = true                                      {product} {ergonomic}

Logging:
Log output configuration:
 #0: stdout all=warning uptime,level,tags
 #1: stderr all=off uptime,level,tags

Environment Variables:
JAVA_HOME=/usr/lib/jvm/java-17-openjdk-amd64
PATH=/opt/julia/.juliaup/bin:/opt/miniconda3/bin:/opt/miniconda3/condabin:/bin:/usr/bin:/usr/local/bin:/usr/local/bin:/usr/bin:/bin:/usr/games:/home/andreisd/Script:/home/andreisd/.kde/Autostart:/opt/miniconda3/bin:/opt/gradle/gradle-8.12.1/bin:/usr/lib/jvm/java-17-openjdk-amd64/bin:/usr/lib/jvm/java-17-openjdk-amd64/lib:/usr/lib/jvm/java-17-openjdk-amd64/jre/lib/ext:.:/bin
SHELL=/usr/bin/zsh
DISPLAY=:1

Signal Handlers:
SIGSEGV: [libjvm.so+0xe28d40], sa_mask[0]=11111111011111111101111111111110, sa_flags=SA_RESTART|SA_SIGINFO
SIGBUS: [libjvm.so+0xe28d40], sa_mask[0]=11111111011111111101111111111110, sa_flags=SA_RESTART|SA_SIGINFO
SIGFPE: [libjvm.so+0xe28d40], sa_mask[0]=11111111011111111101111111111110, sa_flags=SA_RESTART|SA_SIGINFO
SIGPIPE: [libjvm.so+0xbfd500], sa_mask[0]=11111111011111111101111111111110, sa_flags=SA_RESTART|SA_SIGINFO
SIGXFSZ: [libjvm.so+0xbfd500], sa_mask[0]=11111111011111111101111111111110, sa_flags=SA_RESTART|SA_SIGINFO
SIGILL: [libjvm.so+0xe28d40], sa_mask[0]=11111111011111111101111111111110, sa_flags=SA_RESTART|SA_SIGINFO
SIGUSR2: [libjvm.so+0xbfd3a0], sa_mask[0]=00000000000000000000000000000000, sa_flags=SA_RESTART|SA_SIGINFO
SIGHUP: [libjvm.so+0xbfd700], sa_mask[0]=11111111011111111101111111111110, sa_flags=SA_RESTART|SA_SIGINFO
SIGINT: [libjvm.so+0xbfd700], sa_mask[0]=11111111011111111101111111111110, sa_flags=SA_RESTART|SA_SIGINFO
SIGTERM: [libjvm.so+0xbfd700], sa_mask[0]=11111111011111111101111111111110, sa_flags=SA_RESTART|SA_SIGINFO
SIGQUIT: [libjvm.so+0xbfd700], sa_mask[0]=11111111011111111101111111111110, sa_flags=SA_RESTART|SA_SIGINFO


---------------  S Y S T E M  ---------------

OS:PRETTY_NAME="Debian GNU/Linux 12 (bookworm)"
NAME="Debian GNU/Linux"
VERSION_ID="12"
VERSION="12 (bookworm)"
VERSION_CODENAME=bookworm
ID=debian
HOME_URL="https://www.debian.org/"
SUPPORT_URL="https://www.debian.org/support"
BUG_REPORT_URL="https://bugs.debian.org/"
uname:Linux 6.12.9+bpo-amd64 #1 SMP PREEMPT_DYNAMIC Debian 6.12.9-1~bpo12+1 (2025-01-19) x86_64
libc:glibc 2.36 NPTL 2.36 
rlimit: STACK 8192k, CORE 0k, NPROC 251428, NOFILE 1048576, AS infinity, DATA infinity, FSIZE infinity
load average:2.36 1.51 0.95

/proc/meminfo:
MemTotal:       64604636 kB
MemFree:        49858548 kB
MemAvailable:   53562260 kB
Buffers:          328152 kB
Cached:          4131864 kB
SwapCached:            0 kB
Active:         11170044 kB
Inactive:        2349552 kB
Active(anon):    9332324 kB
Inactive(anon):        0 kB
Active(file):    1837720 kB
Inactive(file):  2349552 kB
Unevictable:          96 kB
Mlocked:              96 kB
SwapTotal:      31249404 kB
SwapFree:       31249404 kB
Zswap:                 0 kB
Zswapped:              0 kB
Dirty:              8540 kB
Writeback:            52 kB
AnonPages:       8924568 kB
Mapped:          1260884 kB
Shmem:            272644 kB
KReclaimable:     200912 kB
Slab:             378080 kB
SReclaimable:     200912 kB
SUnreclaim:       177168 kB
KernelStack:       28384 kB
PageTables:        78656 kB
SecPageTables:      4708 kB
NFS_Unstable:          0 kB
Bounce:                0 kB
WritebackTmp:          0 kB
CommitLimit:    63551720 kB
Committed_AS:   19170792 kB
VmallocTotal:   34359738367 kB
VmallocUsed:       83552 kB
VmallocChunk:          0 kB
Percpu:            15232 kB
HardwareCorrupted:     0 kB
AnonHugePages:   2543616 kB
ShmemHugePages:        0 kB
ShmemPmdMapped:        0 kB
FileHugePages:         0 kB
FilePmdMapped:         0 kB
Unaccepted:            0 kB
HugePages_Total:       0
HugePages_Free:        0
HugePages_Rsvd:        0
HugePages_Surp:        0
Hugepagesize:       2048 kB
Hugetlb:               0 kB
DirectMap4k:      709212 kB
DirectMap2M:    22145024 kB
DirectMap1G:    42991616 kB


/proc/sys/kernel/threads-max (system-wide limit on the number of threads):
502856


/proc/sys/vm/max_map_count (maximum number of memory map areas a process may have):
65530


/proc/sys/kernel/pid_max (system-wide limit on number of process identifiers):
4194304




CPU:total 16 (initial active 16) (16 cores per cpu, 2 threads per core) family 25 model 80 stepping 0, cmov, cx8, fxsr, mmx, sse, sse2, sse3, ssse3, sse4.1, sse4.2, popcnt, avx, avx2, aes, clmul, erms, mmxext, 3dnowpref, lzcnt, sse4a, ht, tsc, tscinvbit, tscinv, bmi1, bmi2, adx, sha, fma
CPU Model and flags from /proc/cpuinfo:
model name	: AMD Ryzen 7 PRO 7730U with Radeon Graphics
flags		: fpu vme de pse tsc msr pae mce cx8 apic sep mtrr pge mca cmov pat pse36 clflush mmx fxsr sse sse2 ht syscall nx mmxext fxsr_opt pdpe1gb rdtscp lm constant_tsc rep_good nopl xtopology nonstop_tsc cpuid extd_apicid aperfmperf rapl pni pclmulqdq monitor ssse3 fma cx16 sse4_1 sse4_2 movbe popcnt aes xsave avx f16c rdrand lahf_lm cmp_legacy svm extapic cr8_legacy abm sse4a misalignsse 3dnowprefetch osvw ibs skinit wdt tce topoext perfctr_core perfctr_nb bpext perfctr_llc mwaitx cpb cat_l3 cdp_l3 hw_pstate ssbd mba ibrs ibpb stibp vmmcall fsgsbase bmi1 avx2 smep bmi2 erms invpcid cqm rdt_a rdseed adx smap clflushopt clwb sha_ni xsaveopt xsavec xgetbv1 xsaves cqm_llc cqm_occup_llc cqm_mbm_total cqm_mbm_local user_shstk clzero irperf xsaveerptr rdpru wbnoinvd cppc arat npt lbrv svm_lock nrip_save tsc_scale vmcb_clean flushbyasid decodeassists pausefilter pfthreshold avic v_vmsave_vmload vgif v_spec_ctrl umip pku ospke vaes vpclmulqdq rdpid overflow_recov succor smca fsrm debug_swap

Memory: 4k page, physical 64604636k(49858548k free), swap 31249404k(31249404k free)

vm_info: OpenJDK 64-Bit Server VM (11.0.2+9) for linux-amd64 JRE (11.0.2+9), built on Jan 17 2019 21:18:23 by "mach5one" with gcc 7.3.0

END.
